2018-07-28 17:20:29.301  INFO 12438 --- [main] c.e.s.SpringBootWebsocketApplication     : Starting SpringBootWebsocketApplication on bianlifengdeMacBook-Pro-7.local with PID 12438 (/Users/bianlifeng/Project_lizitao_work/SpringBoot-demo/spring-boot-websocket/target/classes started by bianlifeng in /Users/bianlifeng/Project_lizitao_work/SpringBoot-demo/spring-boot-websocket)
2018-07-28 17:20:29.304  INFO 12438 --- [main] c.e.s.SpringBootWebsocketApplication     : No active profile set, falling back to default profiles: default
2018-07-28 17:20:29.388  INFO 12438 --- [main] ConfigServletWebServerApplicationContext : Refreshing org.springframework.boot.web.servlet.context.AnnotationConfigServletWebServerApplicationContext@51e5fc98: startup date [Sat Jul 28 17:20:29 CST 2018]; root of context hierarchy
2018-07-28 17:20:30.340  INFO 12438 --- [main] o.s.b.w.embedded.tomcat.TomcatWebServer  : Tomcat initialized with port(s): 8080 (http)
2018-07-28 17:20:30.362  INFO 12438 --- [main] o.apache.catalina.core.StandardService   : Starting service [Tomcat]
2018-07-28 17:20:30.362  INFO 12438 --- [main] org.apache.catalina.core.StandardEngine  : Starting Servlet Engine: Apache Tomcat/8.5.31
2018-07-28 17:20:30.367  INFO 12438 --- [localhost-startStop-1] o.a.catalina.core.AprLifecycleListener   : The APR based Apache Tomcat Native library which allows optimal performance in production environments was not found on the java.library.path: [/Users/bianlifeng/Library/Java/Extensions:/Library/Java/Extensions:/Network/Library/Java/Extensions:/System/Library/Java/Extensions:/usr/lib/java:.]
2018-07-28 17:20:30.439  INFO 12438 --- [localhost-startStop-1] o.a.c.c.C.[Tomcat].[localhost].[/]       : Initializing Spring embedded WebApplicationContext
2018-07-28 17:20:30.439  INFO 12438 --- [localhost-startStop-1] o.s.web.context.ContextLoader            : Root WebApplicationContext: initialization completed in 1051 ms
2018-07-28 17:20:30.585  INFO 12438 --- [localhost-startStop-1] o.s.b.w.servlet.ServletRegistrationBean  : Servlet dispatcherServlet mapped to [/]
2018-07-28 17:20:30.592  INFO 12438 --- [localhost-startStop-1] o.s.b.w.servlet.FilterRegistrationBean   : Mapping filter: 'characterEncodingFilter' to: [/*]
2018-07-28 17:20:30.592  INFO 12438 --- [localhost-startStop-1] o.s.b.w.servlet.FilterRegistrationBean   : Mapping filter: 'hiddenHttpMethodFilter' to: [/*]
2018-07-28 17:20:30.592  INFO 12438 --- [localhost-startStop-1] o.s.b.w.servlet.FilterRegistrationBean   : Mapping filter: 'httpPutFormContentFilter' to: [/*]
2018-07-28 17:20:30.593  INFO 12438 --- [localhost-startStop-1] o.s.b.w.servlet.FilterRegistrationBean   : Mapping filter: 'requestContextFilter' to: [/*]
2018-07-28 17:20:30.725  INFO 12438 --- [main] o.s.w.s.handler.SimpleUrlHandlerMapping  : Mapped URL path [/**/favicon.ico] onto handler of type [class org.springframework.web.servlet.resource.ResourceHttpRequestHandler]
2018-07-28 17:20:30.932  INFO 12438 --- [main] s.w.s.m.m.a.RequestMappingHandlerAdapter : Looking for @ControllerAdvice: org.springframework.boot.web.servlet.context.AnnotationConfigServletWebServerApplicationContext@51e5fc98: startup date [Sat Jul 28 17:20:29 CST 2018]; root of context hierarchy
2018-07-28 17:20:30.983  INFO 12438 --- [main] s.w.s.m.m.a.RequestMappingHandlerMapping : Mapped "{[/index/]}" onto public java.lang.String com.example.springbootwebsocket.controller.IndexController.index()
2018-07-28 17:20:30.986  INFO 12438 --- [main] s.w.s.m.m.a.RequestMappingHandlerMapping : Mapped "{[/pushVideoListToWeb],methods=[POST],consumes=[application/json]}" onto public java.util.Map<java.lang.String, java.lang.Object> com.example.springbootwebsocket.controller.WebSockController.pushVideoListToWeb(java.util.Map<java.lang.String, java.lang.Object>)
2018-07-28 17:20:30.989  INFO 12438 --- [main] s.w.s.m.m.a.RequestMappingHandlerMapping : Mapped "{[/error]}" onto public org.springframework.http.ResponseEntity<java.util.Map<java.lang.String, java.lang.Object>> org.springframework.boot.autoconfigure.web.servlet.error.BasicErrorController.error(javax.servlet.http.HttpServletRequest)
2018-07-28 17:20:30.989  INFO 12438 --- [main] s.w.s.m.m.a.RequestMappingHandlerMapping : Mapped "{[/error],produces=[text/html]}" onto public org.springframework.web.servlet.ModelAndView org.springframework.boot.autoconfigure.web.servlet.error.BasicErrorController.errorHtml(javax.servlet.http.HttpServletRequest,javax.servlet.http.HttpServletResponse)
2018-07-28 17:20:31.010  INFO 12438 --- [main] o.s.w.s.handler.SimpleUrlHandlerMapping  : Mapped URL path [/webjars/**] onto handler of type [class org.springframework.web.servlet.resource.ResourceHttpRequestHandler]
2018-07-28 17:20:31.011  INFO 12438 --- [main] o.s.w.s.handler.SimpleUrlHandlerMapping  : Mapped URL path [/**] onto handler of type [class org.springframework.web.servlet.resource.ResourceHttpRequestHandler]
2018-07-28 17:20:31.108  INFO 12438 --- [main] o.s.b.a.w.s.WelcomePageHandlerMapping    : Adding welcome page template: index
2018-07-28 17:20:31.270  INFO 12438 --- [main] o.s.w.s.s.s.ServerEndpointExporter       : Registering @ServerEndpoint class: class com.example.springbootwebsocket.service.WebSocketServer
2018-07-28 17:20:31.278  INFO 12438 --- [main] o.s.j.e.a.AnnotationMBeanExporter        : Registering beans for JMX exposure on startup
2018-07-28 17:20:31.330  INFO 12438 --- [main] o.s.b.w.embedded.tomcat.TomcatWebServer  : Tomcat started on port(s): 8080 (http) with context path ''
2018-07-28 17:20:31.335  INFO 12438 --- [main] c.e.s.SpringBootWebsocketApplication     : Started SpringBootWebsocketApplication in 17.403 seconds (JVM running for 23.166)
2018-07-28 17:20:45.307  INFO 12438 --- [http-nio-8080-exec-1] o.a.c.c.C.[Tomcat].[localhost].[/]       : Initializing Spring FrameworkServlet 'dispatcherServlet'
2018-07-28 17:20:45.307  INFO 12438 --- [http-nio-8080-exec-1] o.s.web.servlet.DispatcherServlet        : FrameworkServlet 'dispatcherServlet': initialization started
2018-07-28 17:20:45.322  INFO 12438 --- [http-nio-8080-exec-1] o.s.web.servlet.DispatcherServlet        : FrameworkServlet 'dispatcherServlet': initialization completed in 15 ms
2018-07-28 17:20:45.772  INFO 12438 --- [http-nio-8080-exec-2] c.e.s.service.WebSocketServer            : 有新连接加入！当前在线人数为1
2018-07-28 17:37:05.722  INFO 12438 --- [Thread-38] ConfigServletWebServerApplicationContext : Closing org.springframework.boot.web.servlet.context.AnnotationConfigServletWebServerApplicationContext@51e5fc98: startup date [Sat Jul 28 17:20:29 CST 2018]; root of context hierarchy
2018-07-28 17:37:05.728  INFO 12438 --- [Thread-38] o.s.j.e.a.AnnotationMBeanExporter        : Unregistering JMX-exposed beans on shutdown
2018-07-28 17:37:05.792  INFO 12438 --- [localhost-startStop-2] c.e.s.service.WebSocketServer            : 有一连接关闭！当前在线人数为0
