2018-07-29 09:52:49.730  INFO 13266 --- [main] com.web.chat.webchat.WebchatApplication  : Starting WebchatApplication on bianlifengdeMacBook-Pro-7.local with PID 13266 (/Users/bianlifeng/Project_lizitao_work/SpringBoot-demo/webchat/target/classes started by bianlifeng in /Users/bianlifeng/Project_lizitao_work/SpringBoot-demo/webchat)
2018-07-29 09:52:49.734  INFO 13266 --- [main] com.web.chat.webchat.WebchatApplication  : No active profile set, falling back to default profiles: default
2018-07-29 09:52:49.827  INFO 13266 --- [main] ConfigServletWebServerApplicationContext : Refreshing org.springframework.boot.web.servlet.context.AnnotationConfigServletWebServerApplicationContext@12e61fe6: startup date [Sun Jul 29 09:52:49 CST 2018]; root of context hierarchy
2018-07-29 09:52:50.830  INFO 13266 --- [main] o.s.b.w.embedded.tomcat.TomcatWebServer  : Tomcat initialized with port(s): 8080 (http)
2018-07-29 09:52:50.857  INFO 13266 --- [main] o.apache.catalina.core.StandardService   : Starting service [Tomcat]
2018-07-29 09:52:50.857  INFO 13266 --- [main] org.apache.catalina.core.StandardEngine  : Starting Servlet Engine: Apache Tomcat/8.5.31
2018-07-29 09:52:50.862  INFO 13266 --- [localhost-startStop-1] o.a.catalina.core.AprLifecycleListener   : The APR based Apache Tomcat Native library which allows optimal performance in production environments was not found on the java.library.path: [/Users/bianlifeng/Library/Java/Extensions:/Library/Java/Extensions:/Network/Library/Java/Extensions:/System/Library/Java/Extensions:/usr/lib/java:.]
2018-07-29 09:52:50.955  INFO 13266 --- [localhost-startStop-1] o.a.c.c.C.[Tomcat].[localhost].[/]       : Initializing Spring embedded WebApplicationContext
2018-07-29 09:52:50.956  INFO 13266 --- [localhost-startStop-1] o.s.web.context.ContextLoader            : Root WebApplicationContext: initialization completed in 1129 ms
2018-07-29 09:52:51.169  INFO 13266 --- [localhost-startStop-1] o.s.b.w.servlet.ServletRegistrationBean  : Servlet dispatcherServlet mapped to [/chat/*]
2018-07-29 09:52:51.177  INFO 13266 --- [localhost-startStop-1] o.s.b.w.servlet.FilterRegistrationBean   : Mapping filter: 'characterEncodingFilter' to: [/*]
2018-07-29 09:52:51.178  INFO 13266 --- [localhost-startStop-1] o.s.b.w.servlet.FilterRegistrationBean   : Mapping filter: 'hiddenHttpMethodFilter' to: [/*]
2018-07-29 09:52:51.180  INFO 13266 --- [localhost-startStop-1] o.s.b.w.servlet.FilterRegistrationBean   : Mapping filter: 'httpPutFormContentFilter' to: [/*]
2018-07-29 09:52:51.180  INFO 13266 --- [localhost-startStop-1] o.s.b.w.servlet.FilterRegistrationBean   : Mapping filter: 'requestContextFilter' to: [/*]
2018-07-29 09:52:51.336  INFO 13266 --- [main] o.s.w.s.handler.SimpleUrlHandlerMapping  : Mapped URL path [/**/favicon.ico] onto handler of type [class org.springframework.web.servlet.resource.ResourceHttpRequestHandler]
2018-07-29 09:52:51.581  INFO 13266 --- [main] s.w.s.m.m.a.RequestMappingHandlerAdapter : Looking for @ControllerAdvice: org.springframework.boot.web.servlet.context.AnnotationConfigServletWebServerApplicationContext@12e61fe6: startup date [Sun Jul 29 09:52:49 CST 2018]; root of context hierarchy
2018-07-29 09:52:51.652  INFO 13266 --- [main] s.w.s.m.m.a.RequestMappingHandlerMapping : Mapped "{[/error]}" onto public org.springframework.http.ResponseEntity<java.util.Map<java.lang.String, java.lang.Object>> org.springframework.boot.autoconfigure.web.servlet.error.BasicErrorController.error(javax.servlet.http.HttpServletRequest)
2018-07-29 09:52:51.654  INFO 13266 --- [main] s.w.s.m.m.a.RequestMappingHandlerMapping : Mapped "{[/error],produces=[text/html]}" onto public org.springframework.web.servlet.ModelAndView org.springframework.boot.autoconfigure.web.servlet.error.BasicErrorController.errorHtml(javax.servlet.http.HttpServletRequest,javax.servlet.http.HttpServletResponse)
2018-07-29 09:52:51.683  INFO 13266 --- [main] o.s.w.s.handler.SimpleUrlHandlerMapping  : Mapped URL path [/webjars/**] onto handler of type [class org.springframework.web.servlet.resource.ResourceHttpRequestHandler]
2018-07-29 09:52:51.683  INFO 13266 --- [main] o.s.w.s.handler.SimpleUrlHandlerMapping  : Mapped URL path [/**] onto handler of type [class org.springframework.web.servlet.resource.ResourceHttpRequestHandler]
2018-07-29 09:52:51.734  INFO 13266 --- [main] o.s.b.a.w.s.WelcomePageHandlerMapping    : Adding welcome page: class path resource [static/index.html]
2018-07-29 09:52:51.868  INFO 13266 --- [main] o.s.w.s.s.s.ServerEndpointExporter       : Registering @ServerEndpoint class: class com.web.chat.webchat.service.server.WebSocketServer
2018-07-29 09:52:51.877  INFO 13266 --- [main] o.s.j.e.a.AnnotationMBeanExporter        : Registering beans for JMX exposure on startup
2018-07-29 09:52:51.930  INFO 13266 --- [main] o.s.b.w.embedded.tomcat.TomcatWebServer  : Tomcat started on port(s): 8080 (http) with context path ''
2018-07-29 09:52:51.935  INFO 13266 --- [main] com.web.chat.webchat.WebchatApplication  : Started WebchatApplication in 17.739 seconds (JVM running for 24.423)
2018-07-29 09:53:38.854  INFO 13266 --- [http-nio-8080-exec-1] o.a.c.c.C.[Tomcat].[localhost].[/]       : Initializing Spring FrameworkServlet 'dispatcherServlet'
2018-07-29 09:53:38.854  INFO 13266 --- [http-nio-8080-exec-1] o.s.web.servlet.DispatcherServlet        : FrameworkServlet 'dispatcherServlet': initialization started
2018-07-29 09:53:38.872  INFO 13266 --- [http-nio-8080-exec-1] o.s.web.servlet.DispatcherServlet        : FrameworkServlet 'dispatcherServlet': initialization completed in 17 ms
2018-07-29 10:05:24.792  INFO 13266 --- [Thread-38] ConfigServletWebServerApplicationContext : Closing org.springframework.boot.web.servlet.context.AnnotationConfigServletWebServerApplicationContext@12e61fe6: startup date [Sun Jul 29 09:52:49 CST 2018]; root of context hierarchy
2018-07-29 10:05:24.796  INFO 13266 --- [Thread-38] o.s.j.e.a.AnnotationMBeanExporter        : Unregistering JMX-exposed beans on shutdown
2018-07-29 10:05:49.005  INFO 13324 --- [main] com.web.chat.webchat.WebchatApplication  : Starting WebchatApplication on bianlifengdeMacBook-Pro-7.local with PID 13324 (/Users/bianlifeng/Project_lizitao_work/SpringBoot-demo/webchat/target/classes started by bianlifeng in /Users/bianlifeng/Project_lizitao_work/SpringBoot-demo/webchat)
2018-07-29 10:05:49.009  INFO 13324 --- [main] com.web.chat.webchat.WebchatApplication  : No active profile set, falling back to default profiles: default
2018-07-29 10:05:49.086  INFO 13324 --- [main] ConfigServletWebServerApplicationContext : Refreshing org.springframework.boot.web.servlet.context.AnnotationConfigServletWebServerApplicationContext@45b9a632: startup date [Sun Jul 29 10:05:49 CST 2018]; root of context hierarchy
2018-07-29 10:05:49.899  INFO 13324 --- [main] o.s.b.w.embedded.tomcat.TomcatWebServer  : Tomcat initialized with port(s): 8080 (http)
2018-07-29 10:05:49.915  INFO 13324 --- [main] o.apache.catalina.core.StandardService   : Starting service [Tomcat]
2018-07-29 10:05:49.916  INFO 13324 --- [main] org.apache.catalina.core.StandardEngine  : Starting Servlet Engine: Apache Tomcat/8.5.31
2018-07-29 10:05:49.920  INFO 13324 --- [localhost-startStop-1] o.a.catalina.core.AprLifecycleListener   : The APR based Apache Tomcat Native library which allows optimal performance in production environments was not found on the java.library.path: [/Users/bianlifeng/Library/Java/Extensions:/Library/Java/Extensions:/Network/Library/Java/Extensions:/System/Library/Java/Extensions:/usr/lib/java:.]
2018-07-29 10:05:49.975  INFO 13324 --- [localhost-startStop-1] o.a.c.c.C.[Tomcat].[localhost].[/]       : Initializing Spring embedded WebApplicationContext
2018-07-29 10:05:49.976  INFO 13324 --- [localhost-startStop-1] o.s.web.context.ContextLoader            : Root WebApplicationContext: initialization completed in 890 ms
2018-07-29 10:05:50.081  INFO 13324 --- [localhost-startStop-1] o.s.b.w.servlet.ServletRegistrationBean  : Servlet dispatcherServlet mapped to [/chat/*]
2018-07-29 10:05:50.084  INFO 13324 --- [localhost-startStop-1] o.s.b.w.servlet.FilterRegistrationBean   : Mapping filter: 'characterEncodingFilter' to: [/*]
2018-07-29 10:05:50.085  INFO 13324 --- [localhost-startStop-1] o.s.b.w.servlet.FilterRegistrationBean   : Mapping filter: 'hiddenHttpMethodFilter' to: [/*]
2018-07-29 10:05:50.085  INFO 13324 --- [localhost-startStop-1] o.s.b.w.servlet.FilterRegistrationBean   : Mapping filter: 'httpPutFormContentFilter' to: [/*]
2018-07-29 10:05:50.085  INFO 13324 --- [localhost-startStop-1] o.s.b.w.servlet.FilterRegistrationBean   : Mapping filter: 'requestContextFilter' to: [/*]
2018-07-29 10:05:50.302  INFO 13324 --- [main] o.s.w.s.handler.SimpleUrlHandlerMapping  : Mapped URL path [/**/favicon.ico] onto handler of type [class org.springframework.web.servlet.resource.ResourceHttpRequestHandler]
2018-07-29 10:05:50.541  INFO 13324 --- [main] s.w.s.m.m.a.RequestMappingHandlerAdapter : Looking for @ControllerAdvice: org.springframework.boot.web.servlet.context.AnnotationConfigServletWebServerApplicationContext@45b9a632: startup date [Sun Jul 29 10:05:49 CST 2018]; root of context hierarchy
2018-07-29 10:05:50.606  INFO 13324 --- [main] s.w.s.m.m.a.RequestMappingHandlerMapping : Mapped "{[/error]}" onto public org.springframework.http.ResponseEntity<java.util.Map<java.lang.String, java.lang.Object>> org.springframework.boot.autoconfigure.web.servlet.error.BasicErrorController.error(javax.servlet.http.HttpServletRequest)
2018-07-29 10:05:50.610  INFO 13324 --- [main] s.w.s.m.m.a.RequestMappingHandlerMapping : Mapped "{[/error],produces=[text/html]}" onto public org.springframework.web.servlet.ModelAndView org.springframework.boot.autoconfigure.web.servlet.error.BasicErrorController.errorHtml(javax.servlet.http.HttpServletRequest,javax.servlet.http.HttpServletResponse)
2018-07-29 10:05:50.633  INFO 13324 --- [main] o.s.w.s.handler.SimpleUrlHandlerMapping  : Mapped URL path [/webjars/**] onto handler of type [class org.springframework.web.servlet.resource.ResourceHttpRequestHandler]
2018-07-29 10:05:50.634  INFO 13324 --- [main] o.s.w.s.handler.SimpleUrlHandlerMapping  : Mapped URL path [/**] onto handler of type [class org.springframework.web.servlet.resource.ResourceHttpRequestHandler]
2018-07-29 10:05:50.682  INFO 13324 --- [main] o.s.b.a.w.s.WelcomePageHandlerMapping    : Adding welcome page: class path resource [static/index.html]
2018-07-29 10:05:50.865  INFO 13324 --- [main] o.s.w.s.s.s.ServerEndpointExporter       : Registering @ServerEndpoint class: class com.web.chat.webchat.service.server.WebSocketServer
2018-07-29 10:05:50.881  INFO 13324 --- [main] o.s.j.e.a.AnnotationMBeanExporter        : Registering beans for JMX exposure on startup
2018-07-29 10:05:50.935  INFO 13324 --- [main] o.s.b.w.embedded.tomcat.TomcatWebServer  : Tomcat started on port(s): 8080 (http) with context path ''
2018-07-29 10:05:50.939  INFO 13324 --- [main] com.web.chat.webchat.WebchatApplication  : Started WebchatApplication in 17.286 seconds (JVM running for 23.022)
2018-07-29 10:05:58.703  INFO 13324 --- [http-nio-8080-exec-1] o.a.c.c.C.[Tomcat].[localhost].[/]       : Initializing Spring FrameworkServlet 'dispatcherServlet'
2018-07-29 10:05:58.703  INFO 13324 --- [http-nio-8080-exec-1] o.s.web.servlet.DispatcherServlet        : FrameworkServlet 'dispatcherServlet': initialization started
2018-07-29 10:05:58.718  INFO 13324 --- [http-nio-8080-exec-1] o.s.web.servlet.DispatcherServlet        : FrameworkServlet 'dispatcherServlet': initialization completed in 15 ms
2018-07-29 10:06:43.157  INFO 13324 --- [Thread-37] ConfigServletWebServerApplicationContext : Closing org.springframework.boot.web.servlet.context.AnnotationConfigServletWebServerApplicationContext@45b9a632: startup date [Sun Jul 29 10:05:49 CST 2018]; root of context hierarchy
2018-07-29 10:06:43.160  INFO 13324 --- [Thread-37] o.s.j.e.a.AnnotationMBeanExporter        : Unregistering JMX-exposed beans on shutdown
2018-07-29 10:07:05.314  INFO 13328 --- [main] com.web.chat.webchat.WebchatApplication  : Starting WebchatApplication on bianlifengdeMacBook-Pro-7.local with PID 13328 (/Users/bianlifeng/Project_lizitao_work/SpringBoot-demo/webchat/target/classes started by bianlifeng in /Users/bianlifeng/Project_lizitao_work/SpringBoot-demo/webchat)
2018-07-29 10:07:05.317  INFO 13328 --- [main] com.web.chat.webchat.WebchatApplication  : No active profile set, falling back to default profiles: default
2018-07-29 10:07:05.390  INFO 13328 --- [main] ConfigServletWebServerApplicationContext : Refreshing org.springframework.boot.web.servlet.context.AnnotationConfigServletWebServerApplicationContext@7ee955a8: startup date [Sun Jul 29 10:07:05 CST 2018]; root of context hierarchy
2018-07-29 10:07:06.130  INFO 13328 --- [main] o.s.b.w.embedded.tomcat.TomcatWebServer  : Tomcat initialized with port(s): 8080 (http)
2018-07-29 10:07:06.147  INFO 13328 --- [main] o.apache.catalina.core.StandardService   : Starting service [Tomcat]
2018-07-29 10:07:06.147  INFO 13328 --- [main] org.apache.catalina.core.StandardEngine  : Starting Servlet Engine: Apache Tomcat/8.5.31
2018-07-29 10:07:06.151  INFO 13328 --- [localhost-startStop-1] o.a.catalina.core.AprLifecycleListener   : The APR based Apache Tomcat Native library which allows optimal performance in production environments was not found on the java.library.path: [/Users/bianlifeng/Library/Java/Extensions:/Library/Java/Extensions:/Network/Library/Java/Extensions:/System/Library/Java/Extensions:/usr/lib/java:.]
2018-07-29 10:07:06.207  INFO 13328 --- [localhost-startStop-1] o.a.c.c.C.[Tomcat].[localhost].[/]       : Initializing Spring embedded WebApplicationContext
2018-07-29 10:07:06.208  INFO 13328 --- [localhost-startStop-1] o.s.web.context.ContextLoader            : Root WebApplicationContext: initialization completed in 819 ms
2018-07-29 10:07:06.310  INFO 13328 --- [localhost-startStop-1] o.s.b.w.servlet.ServletRegistrationBean  : Servlet dispatcherServlet mapped to [/chat/*]
2018-07-29 10:07:06.313  INFO 13328 --- [localhost-startStop-1] o.s.b.w.servlet.FilterRegistrationBean   : Mapping filter: 'characterEncodingFilter' to: [/*]
2018-07-29 10:07:06.313  INFO 13328 --- [localhost-startStop-1] o.s.b.w.servlet.FilterRegistrationBean   : Mapping filter: 'hiddenHttpMethodFilter' to: [/*]
2018-07-29 10:07:06.314  INFO 13328 --- [localhost-startStop-1] o.s.b.w.servlet.FilterRegistrationBean   : Mapping filter: 'httpPutFormContentFilter' to: [/*]
2018-07-29 10:07:06.314  INFO 13328 --- [localhost-startStop-1] o.s.b.w.servlet.FilterRegistrationBean   : Mapping filter: 'requestContextFilter' to: [/*]
2018-07-29 10:07:06.495  INFO 13328 --- [main] o.s.w.s.handler.SimpleUrlHandlerMapping  : Mapped URL path [/**/favicon.ico] onto handler of type [class org.springframework.web.servlet.resource.ResourceHttpRequestHandler]
2018-07-29 10:07:06.643  INFO 13328 --- [main] s.w.s.m.m.a.RequestMappingHandlerAdapter : Looking for @ControllerAdvice: org.springframework.boot.web.servlet.context.AnnotationConfigServletWebServerApplicationContext@7ee955a8: startup date [Sun Jul 29 10:07:05 CST 2018]; root of context hierarchy
2018-07-29 10:07:06.685  INFO 13328 --- [main] s.w.s.m.m.a.RequestMappingHandlerMapping : Mapped "{[/error]}" onto public org.springframework.http.ResponseEntity<java.util.Map<java.lang.String, java.lang.Object>> org.springframework.boot.autoconfigure.web.servlet.error.BasicErrorController.error(javax.servlet.http.HttpServletRequest)
2018-07-29 10:07:06.686  INFO 13328 --- [main] s.w.s.m.m.a.RequestMappingHandlerMapping : Mapped "{[/error],produces=[text/html]}" onto public org.springframework.web.servlet.ModelAndView org.springframework.boot.autoconfigure.web.servlet.error.BasicErrorController.errorHtml(javax.servlet.http.HttpServletRequest,javax.servlet.http.HttpServletResponse)
2018-07-29 10:07:06.706  INFO 13328 --- [main] o.s.w.s.handler.SimpleUrlHandlerMapping  : Mapped URL path [/webjars/**] onto handler of type [class org.springframework.web.servlet.resource.ResourceHttpRequestHandler]
2018-07-29 10:07:06.706  INFO 13328 --- [main] o.s.w.s.handler.SimpleUrlHandlerMapping  : Mapped URL path [/**] onto handler of type [class org.springframework.web.servlet.resource.ResourceHttpRequestHandler]
2018-07-29 10:07:06.770  INFO 13328 --- [main] o.s.b.a.w.s.WelcomePageHandlerMapping    : Adding welcome page: class path resource [static/index.html]
2018-07-29 10:07:06.873  INFO 13328 --- [main] o.s.w.s.s.s.ServerEndpointExporter       : Registering @ServerEndpoint class: class com.web.chat.webchat.service.server.WebSocketServer
2018-07-29 10:07:06.879  INFO 13328 --- [main] o.s.j.e.a.AnnotationMBeanExporter        : Registering beans for JMX exposure on startup
2018-07-29 10:07:06.934  INFO 13328 --- [main] o.s.b.w.embedded.tomcat.TomcatWebServer  : Tomcat started on port(s): 8080 (http) with context path ''
2018-07-29 10:07:06.941  INFO 13328 --- [main] com.web.chat.webchat.WebchatApplication  : Started WebchatApplication in 16.958 seconds (JVM running for 22.698)
2018-07-29 10:07:12.337  INFO 13328 --- [http-nio-8080-exec-1] o.a.c.c.C.[Tomcat].[localhost].[/]       : Initializing Spring FrameworkServlet 'dispatcherServlet'
2018-07-29 10:07:12.337  INFO 13328 --- [http-nio-8080-exec-1] o.s.web.servlet.DispatcherServlet        : FrameworkServlet 'dispatcherServlet': initialization started
2018-07-29 10:07:12.351  INFO 13328 --- [http-nio-8080-exec-1] o.s.web.servlet.DispatcherServlet        : FrameworkServlet 'dispatcherServlet': initialization completed in 13 ms
2018-07-29 10:10:56.052  INFO 13328 --- [Thread-37] ConfigServletWebServerApplicationContext : Closing org.springframework.boot.web.servlet.context.AnnotationConfigServletWebServerApplicationContext@7ee955a8: startup date [Sun Jul 29 10:07:05 CST 2018]; root of context hierarchy
2018-07-29 10:10:56.056  INFO 13328 --- [Thread-37] o.s.j.e.a.AnnotationMBeanExporter        : Unregistering JMX-exposed beans on shutdown
2018-07-29 10:11:18.286  INFO 13349 --- [main] com.web.chat.webchat.WebchatApplication  : Starting WebchatApplication on bianlifengdeMacBook-Pro-7.local with PID 13349 (/Users/bianlifeng/Project_lizitao_work/SpringBoot-demo/webchat/target/classes started by bianlifeng in /Users/bianlifeng/Project_lizitao_work/SpringBoot-demo/webchat)
2018-07-29 10:11:18.329  INFO 13349 --- [main] com.web.chat.webchat.WebchatApplication  : No active profile set, falling back to default profiles: default
2018-07-29 10:11:18.361  INFO 13349 --- [main] ConfigServletWebServerApplicationContext : Refreshing org.springframework.boot.web.servlet.context.AnnotationConfigServletWebServerApplicationContext@2f112965: startup date [Sun Jul 29 10:11:18 CST 2018]; root of context hierarchy
2018-07-29 10:11:19.116  INFO 13349 --- [main] o.s.b.w.embedded.tomcat.TomcatWebServer  : Tomcat initialized with port(s): 8080 (http)
2018-07-29 10:11:19.133  INFO 13349 --- [main] o.apache.catalina.core.StandardService   : Starting service [Tomcat]
2018-07-29 10:11:19.133  INFO 13349 --- [main] org.apache.catalina.core.StandardEngine  : Starting Servlet Engine: Apache Tomcat/8.5.31
2018-07-29 10:11:19.137  INFO 13349 --- [localhost-startStop-1] o.a.catalina.core.AprLifecycleListener   : The APR based Apache Tomcat Native library which allows optimal performance in production environments was not found on the java.library.path: [/Users/bianlifeng/Library/Java/Extensions:/Library/Java/Extensions:/Network/Library/Java/Extensions:/System/Library/Java/Extensions:/usr/lib/java:.]
2018-07-29 10:11:19.202  INFO 13349 --- [localhost-startStop-1] o.a.c.c.C.[Tomcat].[localhost].[/]       : Initializing Spring embedded WebApplicationContext
2018-07-29 10:11:19.203  INFO 13349 --- [localhost-startStop-1] o.s.web.context.ContextLoader            : Root WebApplicationContext: initialization completed in 842 ms
2018-07-29 10:11:19.300  INFO 13349 --- [localhost-startStop-1] o.s.b.w.servlet.ServletRegistrationBean  : Servlet dispatcherServlet mapped to [/chat/*]
2018-07-29 10:11:19.303  INFO 13349 --- [localhost-startStop-1] o.s.b.w.servlet.FilterRegistrationBean   : Mapping filter: 'characterEncodingFilter' to: [/*]
2018-07-29 10:11:19.304  INFO 13349 --- [localhost-startStop-1] o.s.b.w.servlet.FilterRegistrationBean   : Mapping filter: 'hiddenHttpMethodFilter' to: [/*]
2018-07-29 10:11:19.304  INFO 13349 --- [localhost-startStop-1] o.s.b.w.servlet.FilterRegistrationBean   : Mapping filter: 'httpPutFormContentFilter' to: [/*]
2018-07-29 10:11:19.304  INFO 13349 --- [localhost-startStop-1] o.s.b.w.servlet.FilterRegistrationBean   : Mapping filter: 'requestContextFilter' to: [/*]
2018-07-29 10:11:19.455  INFO 13349 --- [main] o.s.w.s.handler.SimpleUrlHandlerMapping  : Mapped URL path [/**/favicon.ico] onto handler of type [class org.springframework.web.servlet.resource.ResourceHttpRequestHandler]
2018-07-29 10:11:19.610  INFO 13349 --- [main] s.w.s.m.m.a.RequestMappingHandlerAdapter : Looking for @ControllerAdvice: org.springframework.boot.web.servlet.context.AnnotationConfigServletWebServerApplicationContext@2f112965: startup date [Sun Jul 29 10:11:18 CST 2018]; root of context hierarchy
2018-07-29 10:11:19.656  INFO 13349 --- [main] s.w.s.m.m.a.RequestMappingHandlerMapping : Mapped "{[/error]}" onto public org.springframework.http.ResponseEntity<java.util.Map<java.lang.String, java.lang.Object>> org.springframework.boot.autoconfigure.web.servlet.error.BasicErrorController.error(javax.servlet.http.HttpServletRequest)
2018-07-29 10:11:19.657  INFO 13349 --- [main] s.w.s.m.m.a.RequestMappingHandlerMapping : Mapped "{[/error],produces=[text/html]}" onto public org.springframework.web.servlet.ModelAndView org.springframework.boot.autoconfigure.web.servlet.error.BasicErrorController.errorHtml(javax.servlet.http.HttpServletRequest,javax.servlet.http.HttpServletResponse)
2018-07-29 10:11:19.685  INFO 13349 --- [main] o.s.w.s.handler.SimpleUrlHandlerMapping  : Mapped URL path [/webjars/**] onto handler of type [class org.springframework.web.servlet.resource.ResourceHttpRequestHandler]
2018-07-29 10:11:19.685  INFO 13349 --- [main] o.s.w.s.handler.SimpleUrlHandlerMapping  : Mapped URL path [/**] onto handler of type [class org.springframework.web.servlet.resource.ResourceHttpRequestHandler]
2018-07-29 10:11:19.717  INFO 13349 --- [main] o.s.b.a.w.s.WelcomePageHandlerMapping    : Adding welcome page: class path resource [static/index.html]
2018-07-29 10:11:19.807  INFO 13349 --- [main] o.s.w.s.s.s.ServerEndpointExporter       : Registering @ServerEndpoint class: class com.web.chat.webchat.service.server.WebSocketServer
2018-07-29 10:11:19.813  INFO 13349 --- [main] o.s.j.e.a.AnnotationMBeanExporter        : Registering beans for JMX exposure on startup
2018-07-29 10:11:19.855  INFO 13349 --- [main] o.s.b.w.embedded.tomcat.TomcatWebServer  : Tomcat started on port(s): 8080 (http) with context path ''
2018-07-29 10:11:19.859  INFO 13349 --- [main] com.web.chat.webchat.WebchatApplication  : Started WebchatApplication in 16.846 seconds (JVM running for 22.528)
2018-07-29 10:12:02.811  INFO 13349 --- [http-nio-8080-exec-1] o.a.c.c.C.[Tomcat].[localhost].[/]       : Initializing Spring FrameworkServlet 'dispatcherServlet'
2018-07-29 10:12:02.812  INFO 13349 --- [http-nio-8080-exec-1] o.s.web.servlet.DispatcherServlet        : FrameworkServlet 'dispatcherServlet': initialization started
2018-07-29 10:12:02.825  INFO 13349 --- [http-nio-8080-exec-1] o.s.web.servlet.DispatcherServlet        : FrameworkServlet 'dispatcherServlet': initialization completed in 13 ms
2018-07-29 10:12:33.946  INFO 13349 --- [Thread-36] ConfigServletWebServerApplicationContext : Closing org.springframework.boot.web.servlet.context.AnnotationConfigServletWebServerApplicationContext@2f112965: startup date [Sun Jul 29 10:11:18 CST 2018]; root of context hierarchy
2018-07-29 10:12:33.949  INFO 13349 --- [Thread-36] o.s.j.e.a.AnnotationMBeanExporter        : Unregistering JMX-exposed beans on shutdown
2018-07-29 10:12:55.901  INFO 13352 --- [main] com.web.chat.webchat.WebchatApplication  : Starting WebchatApplication on bianlifengdeMacBook-Pro-7.local with PID 13352 (/Users/bianlifeng/Project_lizitao_work/SpringBoot-demo/webchat/target/classes started by bianlifeng in /Users/bianlifeng/Project_lizitao_work/SpringBoot-demo/webchat)
2018-07-29 10:12:55.905  INFO 13352 --- [main] com.web.chat.webchat.WebchatApplication  : No active profile set, falling back to default profiles: default
2018-07-29 10:12:55.980  INFO 13352 --- [main] ConfigServletWebServerApplicationContext : Refreshing org.springframework.boot.web.servlet.context.AnnotationConfigServletWebServerApplicationContext@7ee955a8: startup date [Sun Jul 29 10:12:55 CST 2018]; root of context hierarchy
2018-07-29 10:12:56.708  INFO 13352 --- [main] o.s.b.w.embedded.tomcat.TomcatWebServer  : Tomcat initialized with port(s): 8080 (http)
2018-07-29 10:12:56.724  INFO 13352 --- [main] o.apache.catalina.core.StandardService   : Starting service [Tomcat]
2018-07-29 10:12:56.724  INFO 13352 --- [main] org.apache.catalina.core.StandardEngine  : Starting Servlet Engine: Apache Tomcat/8.5.31
2018-07-29 10:12:56.728  INFO 13352 --- [localhost-startStop-1] o.a.catalina.core.AprLifecycleListener   : The APR based Apache Tomcat Native library which allows optimal performance in production environments was not found on the java.library.path: [/Users/bianlifeng/Library/Java/Extensions:/Library/Java/Extensions:/Network/Library/Java/Extensions:/System/Library/Java/Extensions:/usr/lib/java:.]
2018-07-29 10:12:56.783  INFO 13352 --- [localhost-startStop-1] o.a.c.c.C.[Tomcat].[localhost].[/]       : Initializing Spring embedded WebApplicationContext
2018-07-29 10:12:56.783  INFO 13352 --- [localhost-startStop-1] o.s.web.context.ContextLoader            : Root WebApplicationContext: initialization completed in 803 ms
2018-07-29 10:12:56.881  INFO 13352 --- [localhost-startStop-1] o.s.b.w.servlet.ServletRegistrationBean  : Servlet dispatcherServlet mapped to [/chat/*]
2018-07-29 10:12:56.885  INFO 13352 --- [localhost-startStop-1] o.s.b.w.servlet.FilterRegistrationBean   : Mapping filter: 'characterEncodingFilter' to: [/*]
2018-07-29 10:12:56.885  INFO 13352 --- [localhost-startStop-1] o.s.b.w.servlet.FilterRegistrationBean   : Mapping filter: 'hiddenHttpMethodFilter' to: [/*]
2018-07-29 10:12:56.885  INFO 13352 --- [localhost-startStop-1] o.s.b.w.servlet.FilterRegistrationBean   : Mapping filter: 'httpPutFormContentFilter' to: [/*]
2018-07-29 10:12:56.885  INFO 13352 --- [localhost-startStop-1] o.s.b.w.servlet.FilterRegistrationBean   : Mapping filter: 'requestContextFilter' to: [/*]
2018-07-29 10:12:56.989  INFO 13352 --- [main] o.s.w.s.handler.SimpleUrlHandlerMapping  : Mapped URL path [/**/favicon.ico] onto handler of type [class org.springframework.web.servlet.resource.ResourceHttpRequestHandler]
2018-07-29 10:12:57.161  INFO 13352 --- [main] s.w.s.m.m.a.RequestMappingHandlerAdapter : Looking for @ControllerAdvice: org.springframework.boot.web.servlet.context.AnnotationConfigServletWebServerApplicationContext@7ee955a8: startup date [Sun Jul 29 10:12:55 CST 2018]; root of context hierarchy
2018-07-29 10:12:57.204  INFO 13352 --- [main] s.w.s.m.m.a.RequestMappingHandlerMapping : Mapped "{[/error]}" onto public org.springframework.http.ResponseEntity<java.util.Map<java.lang.String, java.lang.Object>> org.springframework.boot.autoconfigure.web.servlet.error.BasicErrorController.error(javax.servlet.http.HttpServletRequest)
2018-07-29 10:12:57.207  INFO 13352 --- [main] s.w.s.m.m.a.RequestMappingHandlerMapping : Mapped "{[/error],produces=[text/html]}" onto public org.springframework.web.servlet.ModelAndView org.springframework.boot.autoconfigure.web.servlet.error.BasicErrorController.errorHtml(javax.servlet.http.HttpServletRequest,javax.servlet.http.HttpServletResponse)
2018-07-29 10:12:57.228  INFO 13352 --- [main] o.s.w.s.handler.SimpleUrlHandlerMapping  : Mapped URL path [/webjars/**] onto handler of type [class org.springframework.web.servlet.resource.ResourceHttpRequestHandler]
2018-07-29 10:12:57.229  INFO 13352 --- [main] o.s.w.s.handler.SimpleUrlHandlerMapping  : Mapped URL path [/**] onto handler of type [class org.springframework.web.servlet.resource.ResourceHttpRequestHandler]
2018-07-29 10:12:57.260  INFO 13352 --- [main] o.s.b.a.w.s.WelcomePageHandlerMapping    : Adding welcome page: class path resource [static/index.html]
2018-07-29 10:12:57.350  INFO 13352 --- [main] o.s.w.s.s.s.ServerEndpointExporter       : Registering @ServerEndpoint class: class com.web.chat.webchat.service.server.WebSocketServer
2018-07-29 10:12:57.356  INFO 13352 --- [main] o.s.j.e.a.AnnotationMBeanExporter        : Registering beans for JMX exposure on startup
2018-07-29 10:12:57.397  INFO 13352 --- [main] o.s.b.w.embedded.tomcat.TomcatWebServer  : Tomcat started on port(s): 8080 (http) with context path ''
2018-07-29 10:12:57.401  INFO 13352 --- [main] com.web.chat.webchat.WebchatApplication  : Started WebchatApplication in 16.777 seconds (JVM running for 22.376)
2018-07-29 10:16:03.919  INFO 13352 --- [http-nio-8080-exec-1] o.a.c.c.C.[Tomcat].[localhost].[/]       : Initializing Spring FrameworkServlet 'dispatcherServlet'
2018-07-29 10:16:03.920  INFO 13352 --- [http-nio-8080-exec-1] o.s.web.servlet.DispatcherServlet        : FrameworkServlet 'dispatcherServlet': initialization started
2018-07-29 10:16:03.939  INFO 13352 --- [http-nio-8080-exec-1] o.s.web.servlet.DispatcherServlet        : FrameworkServlet 'dispatcherServlet': initialization completed in 19 ms
2018-07-29 10:34:40.188  INFO 13352 --- [Thread-36] ConfigServletWebServerApplicationContext : Closing org.springframework.boot.web.servlet.context.AnnotationConfigServletWebServerApplicationContext@7ee955a8: startup date [Sun Jul 29 10:12:55 CST 2018]; root of context hierarchy
2018-07-29 10:34:40.191  INFO 13352 --- [Thread-36] o.s.j.e.a.AnnotationMBeanExporter        : Unregistering JMX-exposed beans on shutdown
2018-07-29 10:35:02.524  INFO 13448 --- [main] com.web.chat.webchat.WebchatApplication  : Starting WebchatApplication on bianlifengdeMacBook-Pro-7.local with PID 13448 (/Users/bianlifeng/Project_lizitao_work/SpringBoot-demo/webchat/target/classes started by bianlifeng in /Users/bianlifeng/Project_lizitao_work/SpringBoot-demo/webchat)
2018-07-29 10:35:02.526  INFO 13448 --- [main] com.web.chat.webchat.WebchatApplication  : No active profile set, falling back to default profiles: default
2018-07-29 10:35:02.602  INFO 13448 --- [main] ConfigServletWebServerApplicationContext : Refreshing org.springframework.boot.web.servlet.context.AnnotationConfigServletWebServerApplicationContext@2bbf180e: startup date [Sun Jul 29 10:35:02 CST 2018]; root of context hierarchy
2018-07-29 10:35:03.330  INFO 13448 --- [main] o.s.b.w.embedded.tomcat.TomcatWebServer  : Tomcat initialized with port(s): 8080 (http)
2018-07-29 10:35:03.346  INFO 13448 --- [main] o.apache.catalina.core.StandardService   : Starting service [Tomcat]
2018-07-29 10:35:03.347  INFO 13448 --- [main] org.apache.catalina.core.StandardEngine  : Starting Servlet Engine: Apache Tomcat/8.5.31
2018-07-29 10:35:03.350  INFO 13448 --- [localhost-startStop-1] o.a.catalina.core.AprLifecycleListener   : The APR based Apache Tomcat Native library which allows optimal performance in production environments was not found on the java.library.path: [/Users/bianlifeng/Library/Java/Extensions:/Library/Java/Extensions:/Network/Library/Java/Extensions:/System/Library/Java/Extensions:/usr/lib/java:.]
2018-07-29 10:35:03.411  INFO 13448 --- [localhost-startStop-1] o.a.c.c.C.[Tomcat].[localhost].[/]       : Initializing Spring embedded WebApplicationContext
2018-07-29 10:35:03.411  INFO 13448 --- [localhost-startStop-1] o.s.web.context.ContextLoader            : Root WebApplicationContext: initialization completed in 809 ms
2018-07-29 10:35:03.509  INFO 13448 --- [localhost-startStop-1] o.s.b.w.servlet.ServletRegistrationBean  : Servlet dispatcherServlet mapped to [/chat/*]
2018-07-29 10:35:03.512  INFO 13448 --- [localhost-startStop-1] o.s.b.w.servlet.FilterRegistrationBean   : Mapping filter: 'characterEncodingFilter' to: [/*]
2018-07-29 10:35:03.513  INFO 13448 --- [localhost-startStop-1] o.s.b.w.servlet.FilterRegistrationBean   : Mapping filter: 'hiddenHttpMethodFilter' to: [/*]
2018-07-29 10:35:03.513  INFO 13448 --- [localhost-startStop-1] o.s.b.w.servlet.FilterRegistrationBean   : Mapping filter: 'httpPutFormContentFilter' to: [/*]
2018-07-29 10:35:03.513  INFO 13448 --- [localhost-startStop-1] o.s.b.w.servlet.FilterRegistrationBean   : Mapping filter: 'requestContextFilter' to: [/*]
2018-07-29 10:35:03.680  INFO 13448 --- [main] o.s.w.s.handler.SimpleUrlHandlerMapping  : Mapped URL path [/**/favicon.ico] onto handler of type [class org.springframework.web.servlet.resource.ResourceHttpRequestHandler]
2018-07-29 10:35:03.848  INFO 13448 --- [main] s.w.s.m.m.a.RequestMappingHandlerAdapter : Looking for @ControllerAdvice: org.springframework.boot.web.servlet.context.AnnotationConfigServletWebServerApplicationContext@2bbf180e: startup date [Sun Jul 29 10:35:02 CST 2018]; root of context hierarchy
2018-07-29 10:35:03.897  INFO 13448 --- [main] s.w.s.m.m.a.RequestMappingHandlerMapping : Mapped "{[/error]}" onto public org.springframework.http.ResponseEntity<java.util.Map<java.lang.String, java.lang.Object>> org.springframework.boot.autoconfigure.web.servlet.error.BasicErrorController.error(javax.servlet.http.HttpServletRequest)
2018-07-29 10:35:03.899  INFO 13448 --- [main] s.w.s.m.m.a.RequestMappingHandlerMapping : Mapped "{[/error],produces=[text/html]}" onto public org.springframework.web.servlet.ModelAndView org.springframework.boot.autoconfigure.web.servlet.error.BasicErrorController.errorHtml(javax.servlet.http.HttpServletRequest,javax.servlet.http.HttpServletResponse)
2018-07-29 10:35:03.933  INFO 13448 --- [main] o.s.w.s.handler.SimpleUrlHandlerMapping  : Mapped URL path [/webjars/**] onto handler of type [class org.springframework.web.servlet.resource.ResourceHttpRequestHandler]
2018-07-29 10:35:03.934  INFO 13448 --- [main] o.s.w.s.handler.SimpleUrlHandlerMapping  : Mapped URL path [/**] onto handler of type [class org.springframework.web.servlet.resource.ResourceHttpRequestHandler]
2018-07-29 10:35:03.989  INFO 13448 --- [main] o.s.b.a.w.s.WelcomePageHandlerMapping    : Adding welcome page: class path resource [static/index.html]
2018-07-29 10:35:04.118  INFO 13448 --- [main] o.s.w.s.s.s.ServerEndpointExporter       : Registering @ServerEndpoint class: class com.web.chat.webchat.service.server.WebSocketServer
2018-07-29 10:35:04.129  INFO 13448 --- [main] o.s.j.e.a.AnnotationMBeanExporter        : Registering beans for JMX exposure on startup
2018-07-29 10:35:04.187  INFO 13448 --- [main] o.s.b.w.embedded.tomcat.TomcatWebServer  : Tomcat started on port(s): 8080 (http) with context path ''
2018-07-29 10:35:04.192  INFO 13448 --- [main] com.web.chat.webchat.WebchatApplication  : Started WebchatApplication in 16.95 seconds (JVM running for 22.686)
2018-07-29 10:35:09.883  INFO 13448 --- [http-nio-8080-exec-1] o.a.c.c.C.[Tomcat].[localhost].[/]       : Initializing Spring FrameworkServlet 'dispatcherServlet'
2018-07-29 10:35:09.884  INFO 13448 --- [http-nio-8080-exec-1] o.s.web.servlet.DispatcherServlet        : FrameworkServlet 'dispatcherServlet': initialization started
2018-07-29 10:35:09.899  INFO 13448 --- [http-nio-8080-exec-1] o.s.web.servlet.DispatcherServlet        : FrameworkServlet 'dispatcherServlet': initialization completed in 15 ms
2018-07-29 10:35:59.561  INFO 13448 --- [Thread-37] ConfigServletWebServerApplicationContext : Closing org.springframework.boot.web.servlet.context.AnnotationConfigServletWebServerApplicationContext@2bbf180e: startup date [Sun Jul 29 10:35:02 CST 2018]; root of context hierarchy
2018-07-29 10:35:59.565  INFO 13448 --- [Thread-37] o.s.j.e.a.AnnotationMBeanExporter        : Unregistering JMX-exposed beans on shutdown
2018-07-29 10:36:21.557  INFO 13451 --- [main] com.web.chat.webchat.WebchatApplication  : Starting WebchatApplication on bianlifengdeMacBook-Pro-7.local with PID 13451 (/Users/bianlifeng/Project_lizitao_work/SpringBoot-demo/webchat/target/classes started by bianlifeng in /Users/bianlifeng/Project_lizitao_work/SpringBoot-demo/webchat)
2018-07-29 10:36:21.560  INFO 13451 --- [main] com.web.chat.webchat.WebchatApplication  : No active profile set, falling back to default profiles: default
2018-07-29 10:36:21.637  INFO 13451 --- [main] ConfigServletWebServerApplicationContext : Refreshing org.springframework.boot.web.servlet.context.AnnotationConfigServletWebServerApplicationContext@12e61fe6: startup date [Sun Jul 29 10:36:21 CST 2018]; root of context hierarchy
2018-07-29 10:36:22.363  INFO 13451 --- [main] o.s.b.w.embedded.tomcat.TomcatWebServer  : Tomcat initialized with port(s): 8080 (http)
2018-07-29 10:36:22.378  INFO 13451 --- [main] o.apache.catalina.core.StandardService   : Starting service [Tomcat]
2018-07-29 10:36:22.379  INFO 13451 --- [main] org.apache.catalina.core.StandardEngine  : Starting Servlet Engine: Apache Tomcat/8.5.31
2018-07-29 10:36:22.382  INFO 13451 --- [localhost-startStop-1] o.a.catalina.core.AprLifecycleListener   : The APR based Apache Tomcat Native library which allows optimal performance in production environments was not found on the java.library.path: [/Users/bianlifeng/Library/Java/Extensions:/Library/Java/Extensions:/Network/Library/Java/Extensions:/System/Library/Java/Extensions:/usr/lib/java:.]
2018-07-29 10:36:22.442  INFO 13451 --- [localhost-startStop-1] o.a.c.c.C.[Tomcat].[localhost].[/]       : Initializing Spring embedded WebApplicationContext
2018-07-29 10:36:22.443  INFO 13451 --- [localhost-startStop-1] o.s.web.context.ContextLoader            : Root WebApplicationContext: initialization completed in 806 ms
2018-07-29 10:36:22.540  INFO 13451 --- [localhost-startStop-1] o.s.b.w.servlet.ServletRegistrationBean  : Servlet dispatcherServlet mapped to [/chat/*]
2018-07-29 10:36:22.543  INFO 13451 --- [localhost-startStop-1] o.s.b.w.servlet.FilterRegistrationBean   : Mapping filter: 'characterEncodingFilter' to: [/*]
2018-07-29 10:36:22.544  INFO 13451 --- [localhost-startStop-1] o.s.b.w.servlet.FilterRegistrationBean   : Mapping filter: 'hiddenHttpMethodFilter' to: [/*]
2018-07-29 10:36:22.544  INFO 13451 --- [localhost-startStop-1] o.s.b.w.servlet.FilterRegistrationBean   : Mapping filter: 'httpPutFormContentFilter' to: [/*]
2018-07-29 10:36:22.544  INFO 13451 --- [localhost-startStop-1] o.s.b.w.servlet.FilterRegistrationBean   : Mapping filter: 'requestContextFilter' to: [/*]
2018-07-29 10:36:22.683  INFO 13451 --- [main] o.s.w.s.handler.SimpleUrlHandlerMapping  : Mapped URL path [/**/favicon.ico] onto handler of type [class org.springframework.web.servlet.resource.ResourceHttpRequestHandler]
2018-07-29 10:36:22.835  INFO 13451 --- [main] s.w.s.m.m.a.RequestMappingHandlerAdapter : Looking for @ControllerAdvice: org.springframework.boot.web.servlet.context.AnnotationConfigServletWebServerApplicationContext@12e61fe6: startup date [Sun Jul 29 10:36:21 CST 2018]; root of context hierarchy
2018-07-29 10:36:22.877  INFO 13451 --- [main] s.w.s.m.m.a.RequestMappingHandlerMapping : Mapped "{[/error]}" onto public org.springframework.http.ResponseEntity<java.util.Map<java.lang.String, java.lang.Object>> org.springframework.boot.autoconfigure.web.servlet.error.BasicErrorController.error(javax.servlet.http.HttpServletRequest)
2018-07-29 10:36:22.878  INFO 13451 --- [main] s.w.s.m.m.a.RequestMappingHandlerMapping : Mapped "{[/error],produces=[text/html]}" onto public org.springframework.web.servlet.ModelAndView org.springframework.boot.autoconfigure.web.servlet.error.BasicErrorController.errorHtml(javax.servlet.http.HttpServletRequest,javax.servlet.http.HttpServletResponse)
2018-07-29 10:36:22.898  INFO 13451 --- [main] o.s.w.s.handler.SimpleUrlHandlerMapping  : Mapped URL path [/webjars/**] onto handler of type [class org.springframework.web.servlet.resource.ResourceHttpRequestHandler]
2018-07-29 10:36:22.898  INFO 13451 --- [main] o.s.w.s.handler.SimpleUrlHandlerMapping  : Mapped URL path [/**] onto handler of type [class org.springframework.web.servlet.resource.ResourceHttpRequestHandler]
2018-07-29 10:36:22.938  INFO 13451 --- [main] o.s.b.a.w.s.WelcomePageHandlerMapping    : Adding welcome page: class path resource [static/index.html]
2018-07-29 10:36:23.036  INFO 13451 --- [main] o.s.w.s.s.s.ServerEndpointExporter       : Registering @ServerEndpoint class: class com.web.chat.webchat.service.server.WebSocketServer
2018-07-29 10:36:23.042  INFO 13451 --- [main] o.s.j.e.a.AnnotationMBeanExporter        : Registering beans for JMX exposure on startup
2018-07-29 10:36:23.085  INFO 13451 --- [main] o.s.b.w.embedded.tomcat.TomcatWebServer  : Tomcat started on port(s): 8080 (http) with context path ''
2018-07-29 10:36:23.089  INFO 13451 --- [main] com.web.chat.webchat.WebchatApplication  : Started WebchatApplication in 16.822 seconds (JVM running for 22.444)
2018-07-29 10:36:44.780  INFO 13451 --- [http-nio-8080-exec-1] o.a.c.c.C.[Tomcat].[localhost].[/]       : Initializing Spring FrameworkServlet 'dispatcherServlet'
2018-07-29 10:36:44.781  INFO 13451 --- [http-nio-8080-exec-1] o.s.web.servlet.DispatcherServlet        : FrameworkServlet 'dispatcherServlet': initialization started
2018-07-29 10:36:44.795  INFO 13451 --- [http-nio-8080-exec-1] o.s.web.servlet.DispatcherServlet        : FrameworkServlet 'dispatcherServlet': initialization completed in 14 ms
2018-07-29 10:38:39.411  INFO 13451 --- [Thread-36] ConfigServletWebServerApplicationContext : Closing org.springframework.boot.web.servlet.context.AnnotationConfigServletWebServerApplicationContext@12e61fe6: startup date [Sun Jul 29 10:36:21 CST 2018]; root of context hierarchy
2018-07-29 10:38:39.415  INFO 13451 --- [Thread-36] o.s.j.e.a.AnnotationMBeanExporter        : Unregistering JMX-exposed beans on shutdown
2018-07-29 10:39:01.657  INFO 13469 --- [main] com.web.chat.webchat.WebchatApplication  : Starting WebchatApplication on bianlifengdeMacBook-Pro-7.local with PID 13469 (/Users/bianlifeng/Project_lizitao_work/SpringBoot-demo/webchat/target/classes started by bianlifeng in /Users/bianlifeng/Project_lizitao_work/SpringBoot-demo/webchat)
2018-07-29 10:39:01.660  INFO 13469 --- [main] com.web.chat.webchat.WebchatApplication  : No active profile set, falling back to default profiles: default
2018-07-29 10:39:01.733  INFO 13469 --- [main] ConfigServletWebServerApplicationContext : Refreshing org.springframework.boot.web.servlet.context.AnnotationConfigServletWebServerApplicationContext@4e91d63f: startup date [Sun Jul 29 10:39:01 CST 2018]; root of context hierarchy
2018-07-29 10:39:02.457  INFO 13469 --- [main] o.s.b.w.embedded.tomcat.TomcatWebServer  : Tomcat initialized with port(s): 8080 (http)
2018-07-29 10:39:02.473  INFO 13469 --- [main] o.apache.catalina.core.StandardService   : Starting service [Tomcat]
2018-07-29 10:39:02.473  INFO 13469 --- [main] org.apache.catalina.core.StandardEngine  : Starting Servlet Engine: Apache Tomcat/8.5.31
2018-07-29 10:39:02.477  INFO 13469 --- [localhost-startStop-1] o.a.catalina.core.AprLifecycleListener   : The APR based Apache Tomcat Native library which allows optimal performance in production environments was not found on the java.library.path: [/Users/bianlifeng/Library/Java/Extensions:/Library/Java/Extensions:/Network/Library/Java/Extensions:/System/Library/Java/Extensions:/usr/lib/java:.]
2018-07-29 10:39:02.543  INFO 13469 --- [localhost-startStop-1] o.a.c.c.C.[Tomcat].[localhost].[/]       : Initializing Spring embedded WebApplicationContext
2018-07-29 10:39:02.543  INFO 13469 --- [localhost-startStop-1] o.s.web.context.ContextLoader            : Root WebApplicationContext: initialization completed in 810 ms
2018-07-29 10:39:02.643  INFO 13469 --- [localhost-startStop-1] o.s.b.w.servlet.ServletRegistrationBean  : Servlet dispatcherServlet mapped to [/chat/*]
2018-07-29 10:39:02.647  INFO 13469 --- [localhost-startStop-1] o.s.b.w.servlet.FilterRegistrationBean   : Mapping filter: 'characterEncodingFilter' to: [/*]
2018-07-29 10:39:02.647  INFO 13469 --- [localhost-startStop-1] o.s.b.w.servlet.FilterRegistrationBean   : Mapping filter: 'hiddenHttpMethodFilter' to: [/*]
2018-07-29 10:39:02.647  INFO 13469 --- [localhost-startStop-1] o.s.b.w.servlet.FilterRegistrationBean   : Mapping filter: 'httpPutFormContentFilter' to: [/*]
2018-07-29 10:39:02.647  INFO 13469 --- [localhost-startStop-1] o.s.b.w.servlet.FilterRegistrationBean   : Mapping filter: 'requestContextFilter' to: [/*]
2018-07-29 10:39:02.781  INFO 13469 --- [main] o.s.w.s.handler.SimpleUrlHandlerMapping  : Mapped URL path [/**/favicon.ico] onto handler of type [class org.springframework.web.servlet.resource.ResourceHttpRequestHandler]
2018-07-29 10:39:02.939  INFO 13469 --- [main] s.w.s.m.m.a.RequestMappingHandlerAdapter : Looking for @ControllerAdvice: org.springframework.boot.web.servlet.context.AnnotationConfigServletWebServerApplicationContext@4e91d63f: startup date [Sun Jul 29 10:39:01 CST 2018]; root of context hierarchy
2018-07-29 10:39:02.981  INFO 13469 --- [main] s.w.s.m.m.a.RequestMappingHandlerMapping : Mapped "{[/error]}" onto public org.springframework.http.ResponseEntity<java.util.Map<java.lang.String, java.lang.Object>> org.springframework.boot.autoconfigure.web.servlet.error.BasicErrorController.error(javax.servlet.http.HttpServletRequest)
2018-07-29 10:39:02.983  INFO 13469 --- [main] s.w.s.m.m.a.RequestMappingHandlerMapping : Mapped "{[/error],produces=[text/html]}" onto public org.springframework.web.servlet.ModelAndView org.springframework.boot.autoconfigure.web.servlet.error.BasicErrorController.errorHtml(javax.servlet.http.HttpServletRequest,javax.servlet.http.HttpServletResponse)
2018-07-29 10:39:03.011  INFO 13469 --- [main] o.s.w.s.handler.SimpleUrlHandlerMapping  : Mapped URL path [/webjars/**] onto handler of type [class org.springframework.web.servlet.resource.ResourceHttpRequestHandler]
2018-07-29 10:39:03.011  INFO 13469 --- [main] o.s.w.s.handler.SimpleUrlHandlerMapping  : Mapped URL path [/**] onto handler of type [class org.springframework.web.servlet.resource.ResourceHttpRequestHandler]
2018-07-29 10:39:03.046  INFO 13469 --- [main] o.s.b.a.w.s.WelcomePageHandlerMapping    : Adding welcome page: class path resource [static/index.html]
2018-07-29 10:39:03.139  INFO 13469 --- [main] o.s.w.s.s.s.ServerEndpointExporter       : Registering @ServerEndpoint class: class com.web.chat.webchat.service.server.WebSocketServer
2018-07-29 10:39:03.145  INFO 13469 --- [main] o.s.j.e.a.AnnotationMBeanExporter        : Registering beans for JMX exposure on startup
2018-07-29 10:39:03.187  INFO 13469 --- [main] o.s.b.w.embedded.tomcat.TomcatWebServer  : Tomcat started on port(s): 8080 (http) with context path ''
2018-07-29 10:39:03.193  INFO 13469 --- [main] com.web.chat.webchat.WebchatApplication  : Started WebchatApplication in 16.803 seconds (JVM running for 22.472)
2018-07-29 10:39:09.220  INFO 13469 --- [http-nio-8080-exec-1] o.a.c.c.C.[Tomcat].[localhost].[/]       : Initializing Spring FrameworkServlet 'dispatcherServlet'
2018-07-29 10:39:09.221  INFO 13469 --- [http-nio-8080-exec-1] o.s.web.servlet.DispatcherServlet        : FrameworkServlet 'dispatcherServlet': initialization started
2018-07-29 10:39:09.241  INFO 13469 --- [http-nio-8080-exec-1] o.s.web.servlet.DispatcherServlet        : FrameworkServlet 'dispatcherServlet': initialization completed in 19 ms
2018-07-29 10:40:36.275  INFO 13469 --- [Thread-37] ConfigServletWebServerApplicationContext : Closing org.springframework.boot.web.servlet.context.AnnotationConfigServletWebServerApplicationContext@4e91d63f: startup date [Sun Jul 29 10:39:01 CST 2018]; root of context hierarchy
2018-07-29 10:40:36.280  INFO 13469 --- [Thread-37] o.s.j.e.a.AnnotationMBeanExporter        : Unregistering JMX-exposed beans on shutdown
2018-07-29 19:07:58.271  INFO 13873 --- [main] com.web.chat.webchat.WebchatApplication  : Starting WebchatApplication on bianlifengdeMacBook-Pro-7.local with PID 13873 (/Users/bianlifeng/Project_lizitao_work/SpringBoot-demo/webchat/target/classes started by bianlifeng in /Users/bianlifeng/Project_lizitao_work/SpringBoot-demo/webchat)
2018-07-29 19:07:58.274  INFO 13873 --- [main] com.web.chat.webchat.WebchatApplication  : No active profile set, falling back to default profiles: default
2018-07-29 19:07:58.364  INFO 13873 --- [main] ConfigServletWebServerApplicationContext : Refreshing org.springframework.boot.web.servlet.context.AnnotationConfigServletWebServerApplicationContext@4e91d63f: startup date [Sun Jul 29 19:07:58 CST 2018]; root of context hierarchy
2018-07-29 19:07:59.249  INFO 13873 --- [main] o.s.b.w.embedded.tomcat.TomcatWebServer  : Tomcat initialized with port(s): 8080 (http)
2018-07-29 19:07:59.271  INFO 13873 --- [main] o.apache.catalina.core.StandardService   : Starting service [Tomcat]
2018-07-29 19:07:59.271  INFO 13873 --- [main] org.apache.catalina.core.StandardEngine  : Starting Servlet Engine: Apache Tomcat/8.5.31
2018-07-29 19:07:59.275  INFO 13873 --- [localhost-startStop-1] o.a.catalina.core.AprLifecycleListener   : The APR based Apache Tomcat Native library which allows optimal performance in production environments was not found on the java.library.path: [/Users/bianlifeng/Library/Java/Extensions:/Library/Java/Extensions:/Network/Library/Java/Extensions:/System/Library/Java/Extensions:/usr/lib/java:.]
2018-07-29 19:07:59.354  INFO 13873 --- [localhost-startStop-1] o.a.c.c.C.[Tomcat].[localhost].[/]       : Initializing Spring embedded WebApplicationContext
2018-07-29 19:07:59.355  INFO 13873 --- [localhost-startStop-1] o.s.web.context.ContextLoader            : Root WebApplicationContext: initialization completed in 991 ms
2018-07-29 19:07:59.486  INFO 13873 --- [localhost-startStop-1] o.s.b.w.servlet.ServletRegistrationBean  : Servlet dispatcherServlet mapped to [/chat/*]
2018-07-29 19:07:59.490  INFO 13873 --- [localhost-startStop-1] o.s.b.w.servlet.FilterRegistrationBean   : Mapping filter: 'characterEncodingFilter' to: [/*]
2018-07-29 19:07:59.491  INFO 13873 --- [localhost-startStop-1] o.s.b.w.servlet.FilterRegistrationBean   : Mapping filter: 'hiddenHttpMethodFilter' to: [/*]
2018-07-29 19:07:59.491  INFO 13873 --- [localhost-startStop-1] o.s.b.w.servlet.FilterRegistrationBean   : Mapping filter: 'httpPutFormContentFilter' to: [/*]
2018-07-29 19:07:59.491  INFO 13873 --- [localhost-startStop-1] o.s.b.w.servlet.FilterRegistrationBean   : Mapping filter: 'requestContextFilter' to: [/*]
2018-07-29 19:07:59.623  INFO 13873 --- [main] o.s.w.s.handler.SimpleUrlHandlerMapping  : Mapped URL path [/**/favicon.ico] onto handler of type [class org.springframework.web.servlet.resource.ResourceHttpRequestHandler]
2018-07-29 19:07:59.826  INFO 13873 --- [main] s.w.s.m.m.a.RequestMappingHandlerAdapter : Looking for @ControllerAdvice: org.springframework.boot.web.servlet.context.AnnotationConfigServletWebServerApplicationContext@4e91d63f: startup date [Sun Jul 29 19:07:58 CST 2018]; root of context hierarchy
2018-07-29 19:07:59.879  INFO 13873 --- [main] s.w.s.m.m.a.RequestMappingHandlerMapping : Mapped "{[/error]}" onto public org.springframework.http.ResponseEntity<java.util.Map<java.lang.String, java.lang.Object>> org.springframework.boot.autoconfigure.web.servlet.error.BasicErrorController.error(javax.servlet.http.HttpServletRequest)
2018-07-29 19:07:59.880  INFO 13873 --- [main] s.w.s.m.m.a.RequestMappingHandlerMapping : Mapped "{[/error],produces=[text/html]}" onto public org.springframework.web.servlet.ModelAndView org.springframework.boot.autoconfigure.web.servlet.error.BasicErrorController.errorHtml(javax.servlet.http.HttpServletRequest,javax.servlet.http.HttpServletResponse)
2018-07-29 19:07:59.899  INFO 13873 --- [main] o.s.w.s.handler.SimpleUrlHandlerMapping  : Mapped URL path [/webjars/**] onto handler of type [class org.springframework.web.servlet.resource.ResourceHttpRequestHandler]
2018-07-29 19:07:59.899  INFO 13873 --- [main] o.s.w.s.handler.SimpleUrlHandlerMapping  : Mapped URL path [/**] onto handler of type [class org.springframework.web.servlet.resource.ResourceHttpRequestHandler]
2018-07-29 19:07:59.933  INFO 13873 --- [main] o.s.b.a.w.s.WelcomePageHandlerMapping    : Adding welcome page: class path resource [static/index.html]
2018-07-29 19:08:00.028  INFO 13873 --- [main] o.s.w.s.s.s.ServerEndpointExporter       : Registering @ServerEndpoint class: class com.web.chat.webchat.service.server.WebSocketServer
2018-07-29 19:08:00.036  INFO 13873 --- [main] o.s.j.e.a.AnnotationMBeanExporter        : Registering beans for JMX exposure on startup
2018-07-29 19:08:00.098  INFO 13873 --- [main] o.s.b.w.embedded.tomcat.TomcatWebServer  : Tomcat started on port(s): 8080 (http) with context path ''
2018-07-29 19:08:00.106  INFO 13873 --- [main] com.web.chat.webchat.WebchatApplication  : Started WebchatApplication in 17.225 seconds (JVM running for 23.128)
2018-07-29 19:08:09.180  INFO 13873 --- [http-nio-8080-exec-1] o.a.c.c.C.[Tomcat].[localhost].[/]       : Initializing Spring FrameworkServlet 'dispatcherServlet'
2018-07-29 19:08:09.181  INFO 13873 --- [http-nio-8080-exec-1] o.s.web.servlet.DispatcherServlet        : FrameworkServlet 'dispatcherServlet': initialization started
2018-07-29 19:08:09.197  INFO 13873 --- [http-nio-8080-exec-1] o.s.web.servlet.DispatcherServlet        : FrameworkServlet 'dispatcherServlet': initialization completed in 16 ms
2018-07-29 19:09:00.311  INFO 13873 --- [Thread-37] ConfigServletWebServerApplicationContext : Closing org.springframework.boot.web.servlet.context.AnnotationConfigServletWebServerApplicationContext@4e91d63f: startup date [Sun Jul 29 19:07:58 CST 2018]; root of context hierarchy
2018-07-29 19:09:00.313  INFO 13873 --- [Thread-37] o.s.j.e.a.AnnotationMBeanExporter        : Unregistering JMX-exposed beans on shutdown
2018-07-29 19:09:22.578  INFO 13880 --- [main] com.web.chat.webchat.WebchatApplication  : Starting WebchatApplication on bianlifengdeMacBook-Pro-7.local with PID 13880 (/Users/bianlifeng/Project_lizitao_work/SpringBoot-demo/webchat/target/classes started by bianlifeng in /Users/bianlifeng/Project_lizitao_work/SpringBoot-demo/webchat)
2018-07-29 19:09:22.581  INFO 13880 --- [main] com.web.chat.webchat.WebchatApplication  : No active profile set, falling back to default profiles: default
2018-07-29 19:09:22.656  INFO 13880 --- [main] ConfigServletWebServerApplicationContext : Refreshing org.springframework.boot.web.servlet.context.AnnotationConfigServletWebServerApplicationContext@6dbb137d: startup date [Sun Jul 29 19:09:22 CST 2018]; root of context hierarchy
2018-07-29 19:09:23.379  INFO 13880 --- [main] o.s.b.w.embedded.tomcat.TomcatWebServer  : Tomcat initialized with port(s): 8080 (http)
2018-07-29 19:09:23.396  INFO 13880 --- [main] o.apache.catalina.core.StandardService   : Starting service [Tomcat]
2018-07-29 19:09:23.396  INFO 13880 --- [main] org.apache.catalina.core.StandardEngine  : Starting Servlet Engine: Apache Tomcat/8.5.31
2018-07-29 19:09:23.399  INFO 13880 --- [localhost-startStop-1] o.a.catalina.core.AprLifecycleListener   : The APR based Apache Tomcat Native library which allows optimal performance in production environments was not found on the java.library.path: [/Users/bianlifeng/Library/Java/Extensions:/Library/Java/Extensions:/Network/Library/Java/Extensions:/System/Library/Java/Extensions:/usr/lib/java:.]
2018-07-29 19:09:23.456  INFO 13880 --- [localhost-startStop-1] o.a.c.c.C.[Tomcat].[localhost].[/]       : Initializing Spring embedded WebApplicationContext
2018-07-29 19:09:23.456  INFO 13880 --- [localhost-startStop-1] o.s.web.context.ContextLoader            : Root WebApplicationContext: initialization completed in 800 ms
2018-07-29 19:09:23.557  INFO 13880 --- [localhost-startStop-1] o.s.b.w.servlet.ServletRegistrationBean  : Servlet dispatcherServlet mapped to [/chat/*]
2018-07-29 19:09:23.560  INFO 13880 --- [localhost-startStop-1] o.s.b.w.servlet.FilterRegistrationBean   : Mapping filter: 'characterEncodingFilter' to: [/*]
2018-07-29 19:09:23.561  INFO 13880 --- [localhost-startStop-1] o.s.b.w.servlet.FilterRegistrationBean   : Mapping filter: 'hiddenHttpMethodFilter' to: [/*]
2018-07-29 19:09:23.561  INFO 13880 --- [localhost-startStop-1] o.s.b.w.servlet.FilterRegistrationBean   : Mapping filter: 'httpPutFormContentFilter' to: [/*]
2018-07-29 19:09:23.561  INFO 13880 --- [localhost-startStop-1] o.s.b.w.servlet.FilterRegistrationBean   : Mapping filter: 'requestContextFilter' to: [/*]
2018-07-29 19:09:23.738  INFO 13880 --- [main] o.s.w.s.handler.SimpleUrlHandlerMapping  : Mapped URL path [/**/favicon.ico] onto handler of type [class org.springframework.web.servlet.resource.ResourceHttpRequestHandler]
2018-07-29 19:09:23.887  INFO 13880 --- [main] s.w.s.m.m.a.RequestMappingHandlerAdapter : Looking for @ControllerAdvice: org.springframework.boot.web.servlet.context.AnnotationConfigServletWebServerApplicationContext@6dbb137d: startup date [Sun Jul 29 19:09:22 CST 2018]; root of context hierarchy
2018-07-29 19:09:23.930  INFO 13880 --- [main] s.w.s.m.m.a.RequestMappingHandlerMapping : Mapped "{[/error]}" onto public org.springframework.http.ResponseEntity<java.util.Map<java.lang.String, java.lang.Object>> org.springframework.boot.autoconfigure.web.servlet.error.BasicErrorController.error(javax.servlet.http.HttpServletRequest)
2018-07-29 19:09:23.931  INFO 13880 --- [main] s.w.s.m.m.a.RequestMappingHandlerMapping : Mapped "{[/error],produces=[text/html]}" onto public org.springframework.web.servlet.ModelAndView org.springframework.boot.autoconfigure.web.servlet.error.BasicErrorController.errorHtml(javax.servlet.http.HttpServletRequest,javax.servlet.http.HttpServletResponse)
2018-07-29 19:09:23.952  INFO 13880 --- [main] o.s.w.s.handler.SimpleUrlHandlerMapping  : Mapped URL path [/webjars/**] onto handler of type [class org.springframework.web.servlet.resource.ResourceHttpRequestHandler]
2018-07-29 19:09:23.952  INFO 13880 --- [main] o.s.w.s.handler.SimpleUrlHandlerMapping  : Mapped URL path [/**] onto handler of type [class org.springframework.web.servlet.resource.ResourceHttpRequestHandler]
2018-07-29 19:09:23.995  INFO 13880 --- [main] o.s.b.a.w.s.WelcomePageHandlerMapping    : Adding welcome page: class path resource [static/index.html]
2018-07-29 19:09:24.100  INFO 13880 --- [main] o.s.w.s.s.s.ServerEndpointExporter       : Registering @ServerEndpoint class: class com.web.chat.webchat.service.server.WebSocketServer
2018-07-29 19:09:24.106  INFO 13880 --- [main] o.s.j.e.a.AnnotationMBeanExporter        : Registering beans for JMX exposure on startup
2018-07-29 19:09:24.151  INFO 13880 --- [main] o.s.b.w.embedded.tomcat.TomcatWebServer  : Tomcat started on port(s): 8080 (http) with context path ''
2018-07-29 19:09:24.155  INFO 13880 --- [main] com.web.chat.webchat.WebchatApplication  : Started WebchatApplication in 16.86 seconds (JVM running for 22.572)
2018-07-29 19:09:29.801  INFO 13880 --- [http-nio-8080-exec-2] o.a.c.c.C.[Tomcat].[localhost].[/]       : Initializing Spring FrameworkServlet 'dispatcherServlet'
2018-07-29 19:09:29.802  INFO 13880 --- [http-nio-8080-exec-2] o.s.web.servlet.DispatcherServlet        : FrameworkServlet 'dispatcherServlet': initialization started
2018-07-29 19:09:29.817  INFO 13880 --- [http-nio-8080-exec-2] o.s.web.servlet.DispatcherServlet        : FrameworkServlet 'dispatcherServlet': initialization completed in 15 ms
2018-07-29 19:14:12.867  INFO 13880 --- [Thread-37] ConfigServletWebServerApplicationContext : Closing org.springframework.boot.web.servlet.context.AnnotationConfigServletWebServerApplicationContext@6dbb137d: startup date [Sun Jul 29 19:09:22 CST 2018]; root of context hierarchy
2018-07-29 19:14:12.871  INFO 13880 --- [Thread-37] o.s.j.e.a.AnnotationMBeanExporter        : Unregistering JMX-exposed beans on shutdown
2018-07-29 19:14:35.353  INFO 13905 --- [main] com.web.chat.webchat.WebchatApplication  : Starting WebchatApplication on bianlifengdeMacBook-Pro-7.local with PID 13905 (/Users/bianlifeng/Project_lizitao_work/SpringBoot-demo/webchat/target/classes started by bianlifeng in /Users/bianlifeng/Project_lizitao_work/SpringBoot-demo/webchat)
2018-07-29 19:14:35.356  INFO 13905 --- [main] com.web.chat.webchat.WebchatApplication  : No active profile set, falling back to default profiles: default
2018-07-29 19:14:35.427  INFO 13905 --- [main] ConfigServletWebServerApplicationContext : Refreshing org.springframework.boot.web.servlet.context.AnnotationConfigServletWebServerApplicationContext@45b9a632: startup date [Sun Jul 29 19:14:35 CST 2018]; root of context hierarchy
2018-07-29 19:14:36.183  INFO 13905 --- [main] o.s.b.w.embedded.tomcat.TomcatWebServer  : Tomcat initialized with port(s): 8080 (http)
2018-07-29 19:14:36.200  INFO 13905 --- [main] o.apache.catalina.core.StandardService   : Starting service [Tomcat]
2018-07-29 19:14:36.201  INFO 13905 --- [main] org.apache.catalina.core.StandardEngine  : Starting Servlet Engine: Apache Tomcat/8.5.31
2018-07-29 19:14:36.205  INFO 13905 --- [localhost-startStop-1] o.a.catalina.core.AprLifecycleListener   : The APR based Apache Tomcat Native library which allows optimal performance in production environments was not found on the java.library.path: [/Users/bianlifeng/Library/Java/Extensions:/Library/Java/Extensions:/Network/Library/Java/Extensions:/System/Library/Java/Extensions:/usr/lib/java:.]
2018-07-29 19:14:36.267  INFO 13905 --- [localhost-startStop-1] o.a.c.c.C.[Tomcat].[localhost].[/]       : Initializing Spring embedded WebApplicationContext
2018-07-29 19:14:36.267  INFO 13905 --- [localhost-startStop-1] o.s.web.context.ContextLoader            : Root WebApplicationContext: initialization completed in 841 ms
2018-07-29 19:14:36.371  INFO 13905 --- [localhost-startStop-1] o.s.b.w.servlet.ServletRegistrationBean  : Servlet dispatcherServlet mapped to [/chat/*]
2018-07-29 19:14:36.374  INFO 13905 --- [localhost-startStop-1] o.s.b.w.servlet.FilterRegistrationBean   : Mapping filter: 'characterEncodingFilter' to: [/*]
2018-07-29 19:14:36.375  INFO 13905 --- [localhost-startStop-1] o.s.b.w.servlet.FilterRegistrationBean   : Mapping filter: 'hiddenHttpMethodFilter' to: [/*]
2018-07-29 19:14:36.375  INFO 13905 --- [localhost-startStop-1] o.s.b.w.servlet.FilterRegistrationBean   : Mapping filter: 'httpPutFormContentFilter' to: [/*]
2018-07-29 19:14:36.375  INFO 13905 --- [localhost-startStop-1] o.s.b.w.servlet.FilterRegistrationBean   : Mapping filter: 'requestContextFilter' to: [/*]
2018-07-29 19:14:36.532  INFO 13905 --- [main] o.s.w.s.handler.SimpleUrlHandlerMapping  : Mapped URL path [/**/favicon.ico] onto handler of type [class org.springframework.web.servlet.resource.ResourceHttpRequestHandler]
2018-07-29 19:14:36.691  INFO 13905 --- [main] s.w.s.m.m.a.RequestMappingHandlerAdapter : Looking for @ControllerAdvice: org.springframework.boot.web.servlet.context.AnnotationConfigServletWebServerApplicationContext@45b9a632: startup date [Sun Jul 29 19:14:35 CST 2018]; root of context hierarchy
2018-07-29 19:14:36.733  INFO 13905 --- [main] s.w.s.m.m.a.RequestMappingHandlerMapping : Mapped "{[/error]}" onto public org.springframework.http.ResponseEntity<java.util.Map<java.lang.String, java.lang.Object>> org.springframework.boot.autoconfigure.web.servlet.error.BasicErrorController.error(javax.servlet.http.HttpServletRequest)
2018-07-29 19:14:36.734  INFO 13905 --- [main] s.w.s.m.m.a.RequestMappingHandlerMapping : Mapped "{[/error],produces=[text/html]}" onto public org.springframework.web.servlet.ModelAndView org.springframework.boot.autoconfigure.web.servlet.error.BasicErrorController.errorHtml(javax.servlet.http.HttpServletRequest,javax.servlet.http.HttpServletResponse)
2018-07-29 19:14:36.761  INFO 13905 --- [main] o.s.w.s.handler.SimpleUrlHandlerMapping  : Mapped URL path [/webjars/**] onto handler of type [class org.springframework.web.servlet.resource.ResourceHttpRequestHandler]
2018-07-29 19:14:36.761  INFO 13905 --- [main] o.s.w.s.handler.SimpleUrlHandlerMapping  : Mapped URL path [/**] onto handler of type [class org.springframework.web.servlet.resource.ResourceHttpRequestHandler]
2018-07-29 19:14:36.793  INFO 13905 --- [main] o.s.b.a.w.s.WelcomePageHandlerMapping    : Adding welcome page: class path resource [static/index.html]
2018-07-29 19:14:36.890  INFO 13905 --- [main] o.s.w.s.s.s.ServerEndpointExporter       : Registering @ServerEndpoint class: class com.web.chat.webchat.service.server.WebSocketServer
2018-07-29 19:14:36.897  INFO 13905 --- [main] o.s.j.e.a.AnnotationMBeanExporter        : Registering beans for JMX exposure on startup
2018-07-29 19:14:36.938  INFO 13905 --- [main] o.s.b.w.embedded.tomcat.TomcatWebServer  : Tomcat started on port(s): 8080 (http) with context path ''
2018-07-29 19:14:36.942  INFO 13905 --- [main] com.web.chat.webchat.WebchatApplication  : Started WebchatApplication in 16.929 seconds (JVM running for 22.68)
2018-07-29 19:14:50.146  INFO 13905 --- [http-nio-8080-exec-1] o.a.c.c.C.[Tomcat].[localhost].[/]       : Initializing Spring FrameworkServlet 'dispatcherServlet'
2018-07-29 19:14:50.146  INFO 13905 --- [http-nio-8080-exec-1] o.s.web.servlet.DispatcherServlet        : FrameworkServlet 'dispatcherServlet': initialization started
2018-07-29 19:14:50.160  INFO 13905 --- [http-nio-8080-exec-1] o.s.web.servlet.DispatcherServlet        : FrameworkServlet 'dispatcherServlet': initialization completed in 14 ms
2018-07-29 19:15:25.234  INFO 13905 --- [Thread-37] ConfigServletWebServerApplicationContext : Closing org.springframework.boot.web.servlet.context.AnnotationConfigServletWebServerApplicationContext@45b9a632: startup date [Sun Jul 29 19:14:35 CST 2018]; root of context hierarchy
2018-07-29 19:15:25.239  INFO 13905 --- [Thread-37] o.s.j.e.a.AnnotationMBeanExporter        : Unregistering JMX-exposed beans on shutdown
2018-07-29 19:15:47.451  INFO 13923 --- [main] com.web.chat.webchat.WebchatApplication  : Starting WebchatApplication on bianlifengdeMacBook-Pro-7.local with PID 13923 (/Users/bianlifeng/Project_lizitao_work/SpringBoot-demo/webchat/target/classes started by bianlifeng in /Users/bianlifeng/Project_lizitao_work/SpringBoot-demo/webchat)
2018-07-29 19:15:47.454  INFO 13923 --- [main] com.web.chat.webchat.WebchatApplication  : No active profile set, falling back to default profiles: default
2018-07-29 19:15:47.531  INFO 13923 --- [main] ConfigServletWebServerApplicationContext : Refreshing org.springframework.boot.web.servlet.context.AnnotationConfigServletWebServerApplicationContext@318ba8c8: startup date [Sun Jul 29 19:15:47 CST 2018]; root of context hierarchy
2018-07-29 19:15:48.286  INFO 13923 --- [main] o.s.b.w.embedded.tomcat.TomcatWebServer  : Tomcat initialized with port(s): 8080 (http)
2018-07-29 19:15:48.305  INFO 13923 --- [main] o.apache.catalina.core.StandardService   : Starting service [Tomcat]
2018-07-29 19:15:48.305  INFO 13923 --- [main] org.apache.catalina.core.StandardEngine  : Starting Servlet Engine: Apache Tomcat/8.5.31
2018-07-29 19:15:48.309  INFO 13923 --- [localhost-startStop-1] o.a.catalina.core.AprLifecycleListener   : The APR based Apache Tomcat Native library which allows optimal performance in production environments was not found on the java.library.path: [/Users/bianlifeng/Library/Java/Extensions:/Library/Java/Extensions:/Network/Library/Java/Extensions:/System/Library/Java/Extensions:/usr/lib/java:.]
2018-07-29 19:15:48.371  INFO 13923 --- [localhost-startStop-1] o.a.c.c.C.[Tomcat].[localhost].[/]       : Initializing Spring embedded WebApplicationContext
2018-07-29 19:15:48.372  INFO 13923 --- [localhost-startStop-1] o.s.web.context.ContextLoader            : Root WebApplicationContext: initialization completed in 842 ms
2018-07-29 19:15:48.469  INFO 13923 --- [localhost-startStop-1] o.s.b.w.servlet.ServletRegistrationBean  : Servlet dispatcherServlet mapped to [/chat/*]
2018-07-29 19:15:48.473  INFO 13923 --- [localhost-startStop-1] o.s.b.w.servlet.FilterRegistrationBean   : Mapping filter: 'characterEncodingFilter' to: [/*]
2018-07-29 19:15:48.473  INFO 13923 --- [localhost-startStop-1] o.s.b.w.servlet.FilterRegistrationBean   : Mapping filter: 'hiddenHttpMethodFilter' to: [/*]
2018-07-29 19:15:48.473  INFO 13923 --- [localhost-startStop-1] o.s.b.w.servlet.FilterRegistrationBean   : Mapping filter: 'httpPutFormContentFilter' to: [/*]
2018-07-29 19:15:48.473  INFO 13923 --- [localhost-startStop-1] o.s.b.w.servlet.FilterRegistrationBean   : Mapping filter: 'requestContextFilter' to: [/*]
2018-07-29 19:15:48.626  INFO 13923 --- [main] o.s.w.s.handler.SimpleUrlHandlerMapping  : Mapped URL path [/**/favicon.ico] onto handler of type [class org.springframework.web.servlet.resource.ResourceHttpRequestHandler]
2018-07-29 19:15:48.770  INFO 13923 --- [main] s.w.s.m.m.a.RequestMappingHandlerAdapter : Looking for @ControllerAdvice: org.springframework.boot.web.servlet.context.AnnotationConfigServletWebServerApplicationContext@318ba8c8: startup date [Sun Jul 29 19:15:47 CST 2018]; root of context hierarchy
2018-07-29 19:15:48.813  INFO 13923 --- [main] s.w.s.m.m.a.RequestMappingHandlerMapping : Mapped "{[/error]}" onto public org.springframework.http.ResponseEntity<java.util.Map<java.lang.String, java.lang.Object>> org.springframework.boot.autoconfigure.web.servlet.error.BasicErrorController.error(javax.servlet.http.HttpServletRequest)
2018-07-29 19:15:48.814  INFO 13923 --- [main] s.w.s.m.m.a.RequestMappingHandlerMapping : Mapped "{[/error],produces=[text/html]}" onto public org.springframework.web.servlet.ModelAndView org.springframework.boot.autoconfigure.web.servlet.error.BasicErrorController.errorHtml(javax.servlet.http.HttpServletRequest,javax.servlet.http.HttpServletResponse)
2018-07-29 19:15:48.841  INFO 13923 --- [main] o.s.w.s.handler.SimpleUrlHandlerMapping  : Mapped URL path [/webjars/**] onto handler of type [class org.springframework.web.servlet.resource.ResourceHttpRequestHandler]
2018-07-29 19:15:48.842  INFO 13923 --- [main] o.s.w.s.handler.SimpleUrlHandlerMapping  : Mapped URL path [/**] onto handler of type [class org.springframework.web.servlet.resource.ResourceHttpRequestHandler]
2018-07-29 19:15:48.890  INFO 13923 --- [main] o.s.b.a.w.s.WelcomePageHandlerMapping    : Adding welcome page: class path resource [static/index.html]
2018-07-29 19:15:48.986  INFO 13923 --- [main] o.s.w.s.s.s.ServerEndpointExporter       : Registering @ServerEndpoint class: class com.web.chat.webchat.service.server.WebSocketServer
2018-07-29 19:15:48.993  INFO 13923 --- [main] o.s.j.e.a.AnnotationMBeanExporter        : Registering beans for JMX exposure on startup
2018-07-29 19:15:49.040  INFO 13923 --- [main] o.s.b.w.embedded.tomcat.TomcatWebServer  : Tomcat started on port(s): 8080 (http) with context path ''
2018-07-29 19:15:49.044  INFO 13923 --- [main] com.web.chat.webchat.WebchatApplication  : Started WebchatApplication in 16.869 seconds (JVM running for 22.591)
2018-07-29 19:15:53.129  INFO 13923 --- [http-nio-8080-exec-1] o.a.c.c.C.[Tomcat].[localhost].[/]       : Initializing Spring FrameworkServlet 'dispatcherServlet'
2018-07-29 19:15:53.129  INFO 13923 --- [http-nio-8080-exec-1] o.s.web.servlet.DispatcherServlet        : FrameworkServlet 'dispatcherServlet': initialization started
2018-07-29 19:15:53.142  INFO 13923 --- [http-nio-8080-exec-1] o.s.web.servlet.DispatcherServlet        : FrameworkServlet 'dispatcherServlet': initialization completed in 13 ms
2018-07-29 19:30:29.503  INFO 13923 --- [Thread-37] ConfigServletWebServerApplicationContext : Closing org.springframework.boot.web.servlet.context.AnnotationConfigServletWebServerApplicationContext@318ba8c8: startup date [Sun Jul 29 19:15:47 CST 2018]; root of context hierarchy
2018-07-29 19:30:29.507  INFO 13923 --- [Thread-37] o.s.j.e.a.AnnotationMBeanExporter        : Unregistering JMX-exposed beans on shutdown
2018-07-29 19:30:52.260  INFO 13970 --- [main] com.web.chat.webchat.WebchatApplication  : Starting WebchatApplication on bianlifengdeMacBook-Pro-7.local with PID 13970 (/Users/bianlifeng/Project_lizitao_work/SpringBoot-demo/webchat/target/classes started by bianlifeng in /Users/bianlifeng/Project_lizitao_work/SpringBoot-demo/webchat)
2018-07-29 19:30:52.262  INFO 13970 --- [main] com.web.chat.webchat.WebchatApplication  : No active profile set, falling back to default profiles: default
2018-07-29 19:30:52.341  INFO 13970 --- [main] ConfigServletWebServerApplicationContext : Refreshing org.springframework.boot.web.servlet.context.AnnotationConfigServletWebServerApplicationContext@6d2a209c: startup date [Sun Jul 29 19:30:52 CST 2018]; root of context hierarchy
2018-07-29 19:30:53.101  INFO 13970 --- [main] o.s.b.w.embedded.tomcat.TomcatWebServer  : Tomcat initialized with port(s): 8080 (http)
2018-07-29 19:30:53.120  INFO 13970 --- [main] o.apache.catalina.core.StandardService   : Starting service [Tomcat]
2018-07-29 19:30:53.121  INFO 13970 --- [main] org.apache.catalina.core.StandardEngine  : Starting Servlet Engine: Apache Tomcat/8.5.31
2018-07-29 19:30:53.125  INFO 13970 --- [localhost-startStop-1] o.a.catalina.core.AprLifecycleListener   : The APR based Apache Tomcat Native library which allows optimal performance in production environments was not found on the java.library.path: [/Users/bianlifeng/Library/Java/Extensions:/Library/Java/Extensions:/Network/Library/Java/Extensions:/System/Library/Java/Extensions:/usr/lib/java:.]
2018-07-29 19:30:53.191  INFO 13970 --- [localhost-startStop-1] o.a.c.c.C.[Tomcat].[localhost].[/]       : Initializing Spring embedded WebApplicationContext
2018-07-29 19:30:53.191  INFO 13970 --- [localhost-startStop-1] o.s.web.context.ContextLoader            : Root WebApplicationContext: initialization completed in 850 ms
2018-07-29 19:30:53.293  INFO 13970 --- [localhost-startStop-1] o.s.b.w.servlet.ServletRegistrationBean  : Servlet dispatcherServlet mapped to [/chat/*]
2018-07-29 19:30:53.296  INFO 13970 --- [localhost-startStop-1] o.s.b.w.servlet.FilterRegistrationBean   : Mapping filter: 'characterEncodingFilter' to: [/*]
2018-07-29 19:30:53.296  INFO 13970 --- [localhost-startStop-1] o.s.b.w.servlet.FilterRegistrationBean   : Mapping filter: 'hiddenHttpMethodFilter' to: [/*]
2018-07-29 19:30:53.297  INFO 13970 --- [localhost-startStop-1] o.s.b.w.servlet.FilterRegistrationBean   : Mapping filter: 'httpPutFormContentFilter' to: [/*]
2018-07-29 19:30:53.297  INFO 13970 --- [localhost-startStop-1] o.s.b.w.servlet.FilterRegistrationBean   : Mapping filter: 'requestContextFilter' to: [/*]
2018-07-29 19:30:53.469  INFO 13970 --- [main] o.s.w.s.handler.SimpleUrlHandlerMapping  : Mapped URL path [/**/favicon.ico] onto handler of type [class org.springframework.web.servlet.resource.ResourceHttpRequestHandler]
2018-07-29 19:30:53.657  INFO 13970 --- [main] s.w.s.m.m.a.RequestMappingHandlerAdapter : Looking for @ControllerAdvice: org.springframework.boot.web.servlet.context.AnnotationConfigServletWebServerApplicationContext@6d2a209c: startup date [Sun Jul 29 19:30:52 CST 2018]; root of context hierarchy
2018-07-29 19:30:53.721  INFO 13970 --- [main] s.w.s.m.m.a.RequestMappingHandlerMapping : Mapped "{[/error]}" onto public org.springframework.http.ResponseEntity<java.util.Map<java.lang.String, java.lang.Object>> org.springframework.boot.autoconfigure.web.servlet.error.BasicErrorController.error(javax.servlet.http.HttpServletRequest)
2018-07-29 19:30:53.723  INFO 13970 --- [main] s.w.s.m.m.a.RequestMappingHandlerMapping : Mapped "{[/error],produces=[text/html]}" onto public org.springframework.web.servlet.ModelAndView org.springframework.boot.autoconfigure.web.servlet.error.BasicErrorController.errorHtml(javax.servlet.http.HttpServletRequest,javax.servlet.http.HttpServletResponse)
2018-07-29 19:30:53.746  INFO 13970 --- [main] o.s.w.s.handler.SimpleUrlHandlerMapping  : Mapped URL path [/webjars/**] onto handler of type [class org.springframework.web.servlet.resource.ResourceHttpRequestHandler]
2018-07-29 19:30:53.746  INFO 13970 --- [main] o.s.w.s.handler.SimpleUrlHandlerMapping  : Mapped URL path [/**] onto handler of type [class org.springframework.web.servlet.resource.ResourceHttpRequestHandler]
2018-07-29 19:30:53.787  INFO 13970 --- [main] o.s.b.a.w.s.WelcomePageHandlerMapping    : Adding welcome page: class path resource [static/index.html]
2018-07-29 19:30:53.912  INFO 13970 --- [main] o.s.w.s.s.s.ServerEndpointExporter       : Registering @ServerEndpoint class: class com.web.chat.webchat.service.server.WebSocketServer
2018-07-29 19:30:53.919  INFO 13970 --- [main] o.s.j.e.a.AnnotationMBeanExporter        : Registering beans for JMX exposure on startup
2018-07-29 19:30:53.983  INFO 13970 --- [main] o.s.b.w.embedded.tomcat.TomcatWebServer  : Tomcat started on port(s): 8080 (http) with context path ''
2018-07-29 19:30:53.989  INFO 13970 --- [main] com.web.chat.webchat.WebchatApplication  : Started WebchatApplication in 17.265 seconds (JVM running for 23.24)
2018-07-29 19:32:57.736  INFO 13970 --- [http-nio-8080-exec-1] o.a.c.c.C.[Tomcat].[localhost].[/]       : Initializing Spring FrameworkServlet 'dispatcherServlet'
2018-07-29 19:32:57.737  INFO 13970 --- [http-nio-8080-exec-1] o.s.web.servlet.DispatcherServlet        : FrameworkServlet 'dispatcherServlet': initialization started
2018-07-29 19:32:57.750  INFO 13970 --- [http-nio-8080-exec-1] o.s.web.servlet.DispatcherServlet        : FrameworkServlet 'dispatcherServlet': initialization completed in 13 ms
2018-07-29 19:39:11.216  INFO 13970 --- [Thread-37] ConfigServletWebServerApplicationContext : Closing org.springframework.boot.web.servlet.context.AnnotationConfigServletWebServerApplicationContext@6d2a209c: startup date [Sun Jul 29 19:30:52 CST 2018]; root of context hierarchy
2018-07-29 19:39:11.219  INFO 13970 --- [Thread-37] o.s.j.e.a.AnnotationMBeanExporter        : Unregistering JMX-exposed beans on shutdown
2018-07-29 19:39:33.383  INFO 14012 --- [main] com.web.chat.webchat.WebchatApplication  : Starting WebchatApplication on bianlifengdeMacBook-Pro-7.local with PID 14012 (/Users/bianlifeng/Project_lizitao_work/SpringBoot-demo/webchat/target/classes started by bianlifeng in /Users/bianlifeng/Project_lizitao_work/SpringBoot-demo/webchat)
2018-07-29 19:39:33.389  INFO 14012 --- [main] com.web.chat.webchat.WebchatApplication  : No active profile set, falling back to default profiles: default
2018-07-29 19:39:33.513  INFO 14012 --- [main] ConfigServletWebServerApplicationContext : Refreshing org.springframework.boot.web.servlet.context.AnnotationConfigServletWebServerApplicationContext@647fd8ce: startup date [Sun Jul 29 19:39:33 CST 2018]; root of context hierarchy
2018-07-29 19:39:34.593  INFO 14012 --- [main] o.s.b.w.embedded.tomcat.TomcatWebServer  : Tomcat initialized with port(s): 8080 (http)
2018-07-29 19:39:34.609  INFO 14012 --- [main] o.apache.catalina.core.StandardService   : Starting service [Tomcat]
2018-07-29 19:39:34.610  INFO 14012 --- [main] org.apache.catalina.core.StandardEngine  : Starting Servlet Engine: Apache Tomcat/8.5.31
2018-07-29 19:39:34.614  INFO 14012 --- [localhost-startStop-1] o.a.catalina.core.AprLifecycleListener   : The APR based Apache Tomcat Native library which allows optimal performance in production environments was not found on the java.library.path: [/Users/bianlifeng/Library/Java/Extensions:/Library/Java/Extensions:/Network/Library/Java/Extensions:/System/Library/Java/Extensions:/usr/lib/java:.]
2018-07-29 19:39:34.694  INFO 14012 --- [localhost-startStop-1] o.a.c.c.C.[Tomcat].[localhost].[/]       : Initializing Spring embedded WebApplicationContext
2018-07-29 19:39:34.694  INFO 14012 --- [localhost-startStop-1] o.s.web.context.ContextLoader            : Root WebApplicationContext: initialization completed in 1181 ms
2018-07-29 19:39:34.862  INFO 14012 --- [localhost-startStop-1] o.s.b.w.servlet.ServletRegistrationBean  : Servlet dispatcherServlet mapped to [/chat/*]
2018-07-29 19:39:34.868  INFO 14012 --- [localhost-startStop-1] o.s.b.w.servlet.FilterRegistrationBean   : Mapping filter: 'characterEncodingFilter' to: [/*]
2018-07-29 19:39:34.869  INFO 14012 --- [localhost-startStop-1] o.s.b.w.servlet.FilterRegistrationBean   : Mapping filter: 'hiddenHttpMethodFilter' to: [/*]
2018-07-29 19:39:34.870  INFO 14012 --- [localhost-startStop-1] o.s.b.w.servlet.FilterRegistrationBean   : Mapping filter: 'httpPutFormContentFilter' to: [/*]
2018-07-29 19:39:34.871  INFO 14012 --- [localhost-startStop-1] o.s.b.w.servlet.FilterRegistrationBean   : Mapping filter: 'requestContextFilter' to: [/*]
2018-07-29 19:39:35.109  INFO 14012 --- [main] o.s.w.s.handler.SimpleUrlHandlerMapping  : Mapped URL path [/**/favicon.ico] onto handler of type [class org.springframework.web.servlet.resource.ResourceHttpRequestHandler]
2018-07-29 19:39:35.395  INFO 14012 --- [main] s.w.s.m.m.a.RequestMappingHandlerAdapter : Looking for @ControllerAdvice: org.springframework.boot.web.servlet.context.AnnotationConfigServletWebServerApplicationContext@647fd8ce: startup date [Sun Jul 29 19:39:33 CST 2018]; root of context hierarchy
2018-07-29 19:39:35.442  INFO 14012 --- [main] s.w.s.m.m.a.RequestMappingHandlerMapping : Mapped "{[/error]}" onto public org.springframework.http.ResponseEntity<java.util.Map<java.lang.String, java.lang.Object>> org.springframework.boot.autoconfigure.web.servlet.error.BasicErrorController.error(javax.servlet.http.HttpServletRequest)
2018-07-29 19:39:35.444  INFO 14012 --- [main] s.w.s.m.m.a.RequestMappingHandlerMapping : Mapped "{[/error],produces=[text/html]}" onto public org.springframework.web.servlet.ModelAndView org.springframework.boot.autoconfigure.web.servlet.error.BasicErrorController.errorHtml(javax.servlet.http.HttpServletRequest,javax.servlet.http.HttpServletResponse)
2018-07-29 19:39:35.465  INFO 14012 --- [main] o.s.w.s.handler.SimpleUrlHandlerMapping  : Mapped URL path [/webjars/**] onto handler of type [class org.springframework.web.servlet.resource.ResourceHttpRequestHandler]
2018-07-29 19:39:35.466  INFO 14012 --- [main] o.s.w.s.handler.SimpleUrlHandlerMapping  : Mapped URL path [/**] onto handler of type [class org.springframework.web.servlet.resource.ResourceHttpRequestHandler]
2018-07-29 19:39:35.504  INFO 14012 --- [main] o.s.b.a.w.s.WelcomePageHandlerMapping    : Adding welcome page: class path resource [static/index.html]
2018-07-29 19:39:35.602  INFO 14012 --- [main] o.s.w.s.s.s.ServerEndpointExporter       : Registering @ServerEndpoint class: class com.web.chat.webchat.service.server.WebSocketServer
2018-07-29 19:39:35.613  INFO 14012 --- [main] o.s.j.e.a.AnnotationMBeanExporter        : Registering beans for JMX exposure on startup
2018-07-29 19:39:35.665  INFO 14012 --- [main] o.s.b.w.embedded.tomcat.TomcatWebServer  : Tomcat started on port(s): 8080 (http) with context path ''
2018-07-29 19:39:35.671  INFO 14012 --- [main] com.web.chat.webchat.WebchatApplication  : Started WebchatApplication in 17.583 seconds (JVM running for 23.259)
2018-07-29 19:39:42.676  INFO 14012 --- [http-nio-8080-exec-1] o.a.c.c.C.[Tomcat].[localhost].[/]       : Initializing Spring FrameworkServlet 'dispatcherServlet'
2018-07-29 19:39:42.676  INFO 14012 --- [http-nio-8080-exec-1] o.s.web.servlet.DispatcherServlet        : FrameworkServlet 'dispatcherServlet': initialization started
2018-07-29 19:39:42.693  INFO 14012 --- [http-nio-8080-exec-1] o.s.web.servlet.DispatcherServlet        : FrameworkServlet 'dispatcherServlet': initialization completed in 16 ms
2018-07-29 19:42:42.497  INFO 14012 --- [Thread-38] ConfigServletWebServerApplicationContext : Closing org.springframework.boot.web.servlet.context.AnnotationConfigServletWebServerApplicationContext@647fd8ce: startup date [Sun Jul 29 19:39:33 CST 2018]; root of context hierarchy
2018-07-29 19:42:42.501  INFO 14012 --- [Thread-38] o.s.j.e.a.AnnotationMBeanExporter        : Unregistering JMX-exposed beans on shutdown
